<?xml version="1.0" encoding="UTF-8"?>
<coverage generated="1775761688144" clover="3.2.0">
  <project timestamp="1775761688144" name="All files">
    <metrics statements="274" coveredstatements="99" conditionals="102" coveredconditionals="32" methods="101" coveredmethods="25" elements="477" coveredelements="156" complexity="0" loc="274" ncloc="274" packages="11" files="30" classes="30"/>
    <package name="__tests__.fixtures">
      <metrics statements="1" coveredstatements="0" conditionals="0" coveredconditionals="0" methods="0" coveredmethods="0"/>
      <file name="sampleData.ts" path="C:\Src\SquadProject\frontend\src\__tests__\fixtures\sampleData.ts">
        <metrics statements="1" coveredstatements="0" conditionals="0" coveredconditionals="0" methods="0" coveredmethods="0"/>
        <line num="1" count="0" type="stmt"/>
      </file>
    </package>
    <package name="components.common">
      <metrics statements="29" coveredstatements="15" conditionals="22" coveredconditionals="12" methods="11" coveredmethods="5"/>
      <file name="Button.tsx" path="C:\Src\SquadProject\frontend\src\components\common\Button.tsx">
        <metrics statements="5" coveredstatements="5" conditionals="10" coveredconditionals="7" methods="1" coveredmethods="1"/>
        <line num="1" count="1" type="stmt"/>
        <line num="2" count="1" type="stmt"/>
        <line num="13" count="1" type="stmt"/>
        <line num="21" count="5" type="cond" truecount="2" falsecount="0"/>
        <line num="43" count="5" type="stmt"/>
      </file>
      <file name="ErrorBoundary.tsx" path="C:\Src\SquadProject\frontend\src\components\common\ErrorBoundary.tsx">
        <metrics statements="8" coveredstatements="0" conditionals="1" coveredconditionals="0" methods="4" coveredmethods="0"/>
        <line num="1" count="0" type="stmt"/>
        <line num="5" count="0" type="stmt"/>
        <line num="7" count="0" type="stmt"/>
        <line num="8" count="0" type="stmt"/>
        <line num="12" count="0" type="stmt"/>
        <line num="21" count="0" type="cond" truecount="0" falsecount="1"/>
        <line num="29" count="0" type="stmt"/>
        <line num="33" count="0" type="stmt"/>
      </file>
      <file name="ErrorToast.tsx" path="C:\Src\SquadProject\frontend\src\components\common\ErrorToast.tsx">
        <metrics statements="4" coveredstatements="0" conditionals="1" coveredconditionals="0" methods="1" coveredmethods="0"/>
        <line num="1" count="0" type="stmt"/>
        <line num="3" count="0" type="stmt"/>
        <line num="4" count="0" type="cond" truecount="0" falsecount="1"/>
        <line num="15" count="0" type="stmt"/>
      </file>
      <file name="Input.tsx" path="C:\Src\SquadProject\frontend\src\components\common\Input.tsx">
        <metrics statements="4" coveredstatements="4" conditionals="7" coveredconditionals="3" methods="2" coveredmethods="2"/>
        <line num="1" count="1" type="stmt"/>
        <line num="12" count="1" type="stmt"/>
        <line num="21" count="1" type="stmt"/>
        <line num="37" count="7" type="stmt"/>
      </file>
      <file name="LoadingSpinner.tsx" path="C:\Src\SquadProject\frontend\src\components\common\LoadingSpinner.tsx">
        <metrics statements="3" coveredstatements="2" conditionals="1" coveredconditionals="0" methods="0" coveredmethods="0"/>
        <line num="1" count="1" type="stmt"/>
        <line num="3" count="0" type="cond" truecount="0" falsecount="1"/>
        <line num="32" count="1" type="stmt"/>
      </file>
      <file name="Select.tsx" path="C:\Src\SquadProject\frontend\src\components\common\Select.tsx">
        <metrics statements="5" coveredstatements="4" conditionals="2" coveredconditionals="2" methods="3" coveredmethods="2"/>
        <line num="1" count="1" type="stmt"/>
        <line num="15" count="1" type="stmt"/>
        <line num="27" count="0" type="stmt"/>
        <line num="32" count="4" type="stmt"/>
        <line num="46" count="10" type="stmt"/>
      </file>
    </package>
    <package name="components.features.RandomGenerator">
      <metrics statements="3" coveredstatements="0" conditionals="0" coveredconditionals="0" methods="1" coveredmethods="0"/>
      <file name="RandomGenerator.tsx" path="C:\Src\SquadProject\frontend\src\components\features\RandomGenerator\RandomGenerator.tsx">
        <metrics statements="3" coveredstatements="0" conditionals="0" coveredconditionals="0" methods="1" coveredmethods="0"/>
        <line num="1" count="0" type="stmt"/>
        <line num="4" count="0" type="stmt"/>
        <line num="13" count="0" type="stmt"/>
      </file>
    </package>
    <package name="components.features.UnitConverter">
      <metrics statements="3" coveredstatements="0" conditionals="0" coveredconditionals="0" methods="1" coveredmethods="0"/>
      <file name="UnitConverter.tsx" path="C:\Src\SquadProject\frontend\src\components\features\UnitConverter\UnitConverter.tsx">
        <metrics statements="3" coveredstatements="0" conditionals="0" coveredconditionals="0" methods="1" coveredmethods="0"/>
        <line num="1" count="0" type="stmt"/>
        <line num="4" count="0" type="stmt"/>
        <line num="13" count="0" type="stmt"/>
      </file>
    </package>
    <package name="components.forms">
      <metrics statements="62" coveredstatements="28" conditionals="46" coveredconditionals="17" methods="17" coveredmethods="7"/>
      <file name="FormButton.tsx" path="C:\Src\SquadProject\frontend\src\components\forms\FormButton.tsx">
        <metrics statements="3" coveredstatements="0" conditionals="4" coveredconditionals="0" methods="1" coveredmethods="0"/>
        <line num="1" count="0" type="stmt"/>
        <line num="9" count="0" type="cond" truecount="0" falsecount="2"/>
        <line num="17" count="0" type="stmt"/>
      </file>
      <file name="FormField.tsx" path="C:\Src\SquadProject\frontend\src\components\forms\FormField.tsx">
        <metrics statements="6" coveredstatements="0" conditionals="3" coveredconditionals="0" methods="1" coveredmethods="0"/>
        <line num="1" count="0" type="stmt"/>
        <line num="2" count="0" type="stmt"/>
        <line num="3" count="0" type="stmt"/>
        <line num="12" count="0" type="stmt"/>
        <line num="14" count="0" type="cond" truecount="0" falsecount="1"/>
        <line num="38" count="0" type="stmt"/>
      </file>
      <file name="FormWrapper.tsx" path="C:\Src\SquadProject\frontend\src\components\forms\FormWrapper.tsx">
        <metrics statements="5" coveredstatements="0" conditionals="0" coveredconditionals="0" methods="2" coveredmethods="0"/>
        <line num="1" count="0" type="stmt"/>
        <line num="10" count="0" type="stmt"/>
        <line num="13" count="0" type="stmt"/>
        <line num="14" count="0" type="stmt"/>
        <line num="26" count="0" type="stmt"/>
      </file>
      <file name="RandomGeneratorForm.tsx" path="C:\Src\SquadProject\frontend\src\components\forms\RandomGeneratorForm.tsx">
        <metrics statements="18" coveredstatements="0" conditionals="18" coveredconditionals="0" methods="3" coveredmethods="0"/>
        <line num="1" count="0" type="stmt"/>
        <line num="2" count="0" type="stmt"/>
        <line num="3" count="0" type="stmt"/>
        <line num="4" count="0" type="stmt"/>
        <line num="5" count="0" type="stmt"/>
        <line num="6" count="0" type="stmt"/>
        <line num="10" count="0" type="stmt"/>
        <line num="11" count="0" type="stmt"/>
        <line num="12" count="0" type="stmt"/>
        <line num="13" count="0" type="stmt"/>
        <line num="15" count="0" type="stmt"/>
        <line num="16" count="0" type="stmt"/>
        <line num="17" count="0" type="cond" truecount="0" falsecount="2"/>
        <line num="18" count="0" type="cond" truecount="0" falsecount="2"/>
        <line num="19" count="0" type="cond" truecount="0" falsecount="2"/>
        <line num="20" count="0" type="cond" truecount="0" falsecount="7"/>
        <line num="25" count="0" type="stmt"/>
        <line num="40" count="0" type="stmt"/>
      </file>
      <file name="UnitConversionForm.tsx" path="C:\Src\SquadProject\frontend\src\components\forms\UnitConversionForm.tsx">
        <metrics statements="30" coveredstatements="28" conditionals="21" coveredconditionals="17" methods="10" coveredmethods="7"/>
        <line num="1" count="1" type="stmt"/>
        <line num="2" count="1" type="stmt"/>
        <line num="3" count="1" type="stmt"/>
        <line num="4" count="1" type="stmt"/>
        <line num="5" count="1" type="stmt"/>
        <line num="6" count="1" type="stmt"/>
        <line num="7" count="1" type="stmt"/>
        <line num="11" count="1" type="stmt"/>
        <line num="12" count="5" type="stmt"/>
        <line num="13" count="5" type="stmt"/>
        <line num="14" count="5" type="stmt"/>
        <line num="16" count="5" type="stmt"/>
        <line num="17" count="1" type="stmt"/>
        <line num="18" count="1" type="stmt"/>
        <line num="20" count="2" type="stmt"/>
        <line num="21" count="1" type="stmt"/>
        <line num="22" count="1" type="cond" truecount="1" falsecount="0"/>
        <line num="23" count="1" type="stmt"/>
        <line num="24" count="1" type="cond" truecount="1" falsecount="1"/>
        <line num="28" count="1" type="stmt"/>
        <line num="30" count="1" type="stmt"/>
        <line num="33" count="5" type="stmt"/>
        <line num="34" count="1" type="cond" truecount="3" falsecount="0"/>
        <line num="35" count="1" type="cond" truecount="4" falsecount="1"/>
        <line num="36" count="1" type="cond" truecount="3" falsecount="1"/>
        <line num="37" count="1" type="cond" truecount="1" falsecount="1"/>
        <line num="38" count="1" type="stmt"/>
        <line num="51" count="0" type="stmt"/>
        <line num="52" count="0" type="stmt"/>
        <line num="60" count="1" type="stmt"/>
      </file>
    </package>
    <package name="hooks">
      <metrics statements="37" coveredstatements="12" conditionals="0" coveredconditionals="0" methods="19" coveredmethods="5"/>
      <file name="useForm.ts" path="C:\Src\SquadProject\frontend\src\hooks\useForm.ts">
        <metrics statements="11" coveredstatements="0" conditionals="0" coveredconditionals="0" methods="4" coveredmethods="0"/>
        <line num="1" count="0" type="stmt"/>
        <line num="2" count="0" type="stmt"/>
        <line num="3" count="0" type="stmt"/>
        <line num="6" count="0" type="stmt"/>
        <line num="8" count="0" type="stmt"/>
        <line num="11" count="0" type="stmt"/>
        <line num="12" count="0" type="stmt"/>
        <line num="13" count="0" type="stmt"/>
        <line num="14" count="0" type="stmt"/>
        <line num="16" count="0" type="stmt"/>
        <line num="21" count="0" type="stmt"/>
      </file>
      <file name="useRandomGenerator.ts" path="C:\Src\SquadProject\frontend\src\hooks\useRandomGenerator.ts">
        <metrics statements="14" coveredstatements="0" conditionals="0" coveredconditionals="0" methods="9" coveredmethods="0"/>
        <line num="1" count="0" type="stmt"/>
        <line num="2" count="0" type="stmt"/>
        <line num="4" count="0" type="stmt"/>
        <line num="6" count="0" type="stmt"/>
        <line num="7" count="0" type="stmt"/>
        <line num="8" count="0" type="stmt"/>
        <line num="9" count="0" type="stmt"/>
        <line num="10" count="0" type="stmt"/>
        <line num="12" count="0" type="stmt"/>
        <line num="16" count="0" type="stmt"/>
        <line num="17" count="0" type="stmt"/>
        <line num="18" count="0" type="stmt"/>
        <line num="19" count="0" type="stmt"/>
        <line num="20" count="0" type="stmt"/>
      </file>
      <file name="useUnitConversion.ts" path="C:\Src\SquadProject\frontend\src\hooks\useUnitConversion.ts">
        <metrics statements="12" coveredstatements="12" conditionals="0" coveredconditionals="0" methods="6" coveredmethods="5"/>
        <line num="1" count="1" type="stmt"/>
        <line num="2" count="1" type="stmt"/>
        <line num="4" count="1" type="stmt"/>
        <line num="6" count="5" type="stmt"/>
        <line num="7" count="5" type="stmt"/>
        <line num="8" count="8" type="stmt"/>
        <line num="9" count="8" type="stmt"/>
        <line num="10" count="8" type="stmt"/>
        <line num="12" count="5" type="stmt"/>
        <line num="13" count="1" type="stmt"/>
        <line num="16" count="5" type="stmt"/>
        <line num="18" count="5" type="stmt"/>
      </file>
    </package>
    <package name="pages">
      <metrics statements="28" coveredstatements="0" conditionals="8" coveredconditionals="0" methods="6" coveredmethods="0"/>
      <file name="Converter.tsx" path="C:\Src\SquadProject\frontend\src\pages\Converter.tsx">
        <metrics statements="4" coveredstatements="0" conditionals="0" coveredconditionals="0" methods="1" coveredmethods="0"/>
        <line num="1" count="0" type="stmt"/>
        <line num="2" count="0" type="stmt"/>
        <line num="4" count="0" type="stmt"/>
        <line num="13" count="0" type="stmt"/>
      </file>
      <file name="Generator.tsx" path="C:\Src\SquadProject\frontend\src\pages\Generator.tsx">
        <metrics statements="4" coveredstatements="0" conditionals="0" coveredconditionals="0" methods="1" coveredmethods="0"/>
        <line num="1" count="0" type="stmt"/>
        <line num="2" count="0" type="stmt"/>
        <line num="4" count="0" type="stmt"/>
        <line num="13" count="0" type="stmt"/>
      </file>
      <file name="Home.tsx" path="C:\Src\SquadProject\frontend\src\pages\Home.tsx">
        <metrics statements="3" coveredstatements="0" conditionals="0" coveredconditionals="0" methods="1" coveredmethods="0"/>
        <line num="1" count="0" type="stmt"/>
        <line num="3" count="0" type="stmt"/>
        <line num="12" count="0" type="stmt"/>
      </file>
      <file name="RandomGeneratorPage.tsx" path="C:\Src\SquadProject\frontend\src\pages\RandomGeneratorPage.tsx">
        <metrics statements="10" coveredstatements="0" conditionals="4" coveredconditionals="0" methods="2" coveredmethods="0"/>
        <line num="1" count="0" type="stmt"/>
        <line num="2" count="0" type="stmt"/>
        <line num="3" count="0" type="stmt"/>
        <line num="5" count="0" type="stmt"/>
        <line num="6" count="0" type="stmt"/>
        <line num="8" count="0" type="stmt"/>
        <line num="9" count="0" type="cond" truecount="0" falsecount="1"/>
        <line num="10" count="0" type="stmt"/>
        <line num="11" count="0" type="stmt"/>
        <line num="34" count="0" type="stmt"/>
      </file>
      <file name="UnitConverterPage.tsx" path="C:\Src\SquadProject\frontend\src\pages\UnitConverterPage.tsx">
        <metrics statements="7" coveredstatements="0" conditionals="4" coveredconditionals="0" methods="1" coveredmethods="0"/>
        <line num="1" count="0" type="stmt"/>
        <line num="2" count="0" type="stmt"/>
        <line num="3" count="0" type="stmt"/>
        <line num="4" count="0" type="stmt"/>
        <line num="6" count="0" type="stmt"/>
        <line num="7" count="0" type="stmt"/>
        <line num="26" count="0" type="stmt"/>
      </file>
    </package>
    <package name="services">
      <metrics statements="39" coveredstatements="7" conditionals="4" coveredconditionals="3" methods="10" coveredmethods="0"/>
      <file name="api.ts" path="C:\Src\SquadProject\frontend\src\services\api.ts">
        <metrics statements="18" coveredstatements="6" conditionals="4" coveredconditionals="3" methods="4" coveredmethods="0"/>
        <line num="1" count="1" type="stmt"/>
        <line num="3" count="1" type="cond" truecount="3" falsecount="0"/>
        <line num="5" count="1" type="stmt"/>
        <line num="7" count="1" type="stmt"/>
        <line num="10" count="0" type="stmt"/>
        <line num="11" count="0" type="stmt"/>
        <line num="14" count="1" type="stmt"/>
        <line num="17" count="0" type="stmt"/>
        <line num="18" count="0" type="stmt"/>
        <line num="22" count="0" type="stmt"/>
        <line num="23" count="0" type="stmt"/>
        <line num="27" count="0" type="stmt"/>
        <line num="28" count="0" type="stmt"/>
        <line num="30" count="0" type="cond" truecount="0" falsecount="1"/>
        <line num="31" count="0" type="stmt"/>
        <line num="33" count="0" type="stmt"/>
        <line num="34" count="0" type="stmt"/>
        <line num="37" count="1" type="stmt"/>
      </file>
      <file name="randomGeneratorApi.ts" path="C:\Src\SquadProject\frontend\src\services\randomGeneratorApi.ts">
        <metrics statements="13" coveredstatements="1" conditionals="0" coveredconditionals="0" methods="4" coveredmethods="0"/>
        <line num="1" count="1" type="stmt"/>
        <line num="4" count="0" type="stmt"/>
        <line num="5" count="0" type="stmt"/>
        <line num="6" count="0" type="stmt"/>
        <line num="9" count="0" type="stmt"/>
        <line num="10" count="0" type="stmt"/>
        <line num="11" count="0" type="stmt"/>
        <line num="14" count="0" type="stmt"/>
        <line num="15" count="0" type="stmt"/>
        <line num="16" count="0" type="stmt"/>
        <line num="19" count="0" type="stmt"/>
        <line num="20" count="0" type="stmt"/>
        <line num="21" count="0" type="stmt"/>
      </file>
      <file name="unitConversionApi.ts" path="C:\Src\SquadProject\frontend\src\services\unitConversionApi.ts">
        <metrics statements="8" coveredstatements="0" conditionals="0" coveredconditionals="0" methods="2" coveredmethods="0"/>
        <line num="1" count="0" type="stmt"/>
        <line num="4" count="0" type="stmt"/>
        <line num="5" count="0" type="stmt"/>
        <line num="6" count="0" type="stmt"/>
        <line num="7" count="0" type="stmt"/>
        <line num="10" count="0" type="stmt"/>
        <line num="11" count="0" type="stmt"/>
        <line num="12" count="0" type="stmt"/>
      </file>
    </package>
    <package name="store">
      <metrics statements="8" coveredstatements="6" conditionals="0" coveredconditionals="0" methods="2" coveredmethods="0"/>
      <file name="index.ts" path="C:\Src\SquadProject\frontend\src\store\index.ts">
        <metrics statements="6" coveredstatements="6" conditionals="0" coveredconditionals="0" methods="0" coveredmethods="0"/>
        <line num="1" count="1" type="stmt"/>
        <line num="2" count="1" type="stmt"/>
        <line num="3" count="1" type="stmt"/>
        <line num="5" count="1" type="stmt"/>
        <line num="10" count="1" type="stmt"/>
        <line num="15" count="1" type="stmt"/>
      </file>
      <file name="selectors.ts" path="C:\Src\SquadProject\frontend\src\store\selectors.ts">
        <metrics statements="2" coveredstatements="0" conditionals="0" coveredconditionals="0" methods="2" coveredmethods="0"/>
        <line num="3" count="0" type="stmt"/>
        <line num="4" count="0" type="stmt"/>
      </file>
    </package>
    <package name="store.slices">
      <metrics statements="63" coveredstatements="31" conditionals="20" coveredconditionals="0" methods="33" coveredmethods="8"/>
      <file name="converterSlice.ts" path="C:\Src\SquadProject\frontend\src\store\slices\converterSlice.ts">
        <metrics statements="21" coveredstatements="17" conditionals="4" coveredconditionals="0" methods="11" coveredmethods="7"/>
        <line num="1" count="1" type="stmt"/>
        <line num="2" count="1" type="stmt"/>
        <line num="13" count="1" type="stmt"/>
        <line num="15" count="1" type="stmt"/>
        <line num="16" count="1" type="stmt"/>
        <line num="17" count="1" type="stmt"/>
        <line num="18" count="1" type="stmt"/>
        <line num="20" count="0" type="cond" truecount="0" falsecount="2"/>
        <line num="24" count="1" type="stmt"/>
        <line num="28" count="0" type="stmt"/>
        <line num="29" count="0" type="stmt"/>
        <line num="32" count="1" type="stmt"/>
        <line num="33" count="1" type="stmt"/>
        <line num="34" count="1" type="stmt"/>
        <line num="35" count="0" type="cond" truecount="0" falsecount="2"/>
        <line num="39" count="1" type="stmt"/>
        <line num="40" count="8" type="stmt"/>
        <line num="41" count="8" type="stmt"/>
        <line num="42" count="8" type="stmt"/>
        <line num="43" count="1" type="stmt"/>
        <line num="44" count="1" type="stmt"/>
      </file>
      <file name="generatorSlice.ts" path="C:\Src\SquadProject\frontend\src\store\slices\generatorSlice.ts">
        <metrics statements="42" coveredstatements="14" conditionals="16" coveredconditionals="0" methods="22" coveredmethods="1"/>
        <line num="1" count="1" type="stmt"/>
        <line num="2" count="1" type="stmt"/>
        <line num="14" count="1" type="stmt"/>
        <line num="21" count="1" type="stmt"/>
        <line num="22" count="0" type="stmt"/>
        <line num="23" count="0" type="stmt"/>
        <line num="25" count="0" type="cond" truecount="0" falsecount="2"/>
        <line num="29" count="1" type="stmt"/>
        <line num="30" count="0" type="stmt"/>
        <line num="31" count="0" type="stmt"/>
        <line num="33" count="0" type="cond" truecount="0" falsecount="2"/>
        <line num="37" count="1" type="stmt"/>
        <line num="38" count="0" type="stmt"/>
        <line num="39" count="0" type="stmt"/>
        <line num="41" count="0" type="cond" truecount="0" falsecount="2"/>
        <line num="45" count="1" type="stmt"/>
        <line num="46" count="0" type="stmt"/>
        <line num="47" count="0" type="stmt"/>
        <line num="49" count="0" type="cond" truecount="0" falsecount="2"/>
        <line num="53" count="1" type="stmt"/>
        <line num="58" count="0" type="stmt"/>
        <line num="59" count="0" type="stmt"/>
        <line num="60" count="0" type="stmt"/>
        <line num="63" count="0" type="stmt"/>
        <line num="67" count="1" type="stmt"/>
        <line num="68" count="0" type="stmt"/>
        <line num="69" count="0" type="stmt"/>
        <line num="70" count="0" type="cond" truecount="0" falsecount="2"/>
        <line num="72" count="0" type="stmt"/>
        <line num="73" count="0" type="stmt"/>
        <line num="74" count="0" type="cond" truecount="0" falsecount="2"/>
        <line num="76" count="0" type="stmt"/>
        <line num="77" count="0" type="stmt"/>
        <line num="78" count="0" type="cond" truecount="0" falsecount="2"/>
        <line num="80" count="0" type="stmt"/>
        <line num="81" count="0" type="stmt"/>
        <line num="82" count="0" type="cond" truecount="0" falsecount="2"/>
        <line num="86" count="1" type="stmt"/>
        <line num="87" count="1" type="stmt"/>
        <line num="88" count="1" type="stmt"/>
        <line num="89" count="1" type="stmt"/>
        <line num="91" count="1" type="stmt"/>
      </file>
    </package>
    <package name="types">
      <metrics statements="1" coveredstatements="0" conditionals="2" coveredconditionals="0" methods="1" coveredmethods="0"/>
      <file name="api.ts" path="C:\Src\SquadProject\frontend\src\types\api.ts">
        <metrics statements="1" coveredstatements="0" conditionals="2" coveredconditionals="0" methods="1" coveredmethods="0"/>
        <line num="31" count="0" type="cond" truecount="0" falsecount="2"/>
      </file>
    </package>
  </project>
</coverage>
