{"C:\\Src\\SquadProject\\frontend\\src\\__tests__\\fixtures\\sampleData.ts": {"path":"C:\\Src\\SquadProject\\frontend\\src\\__tests__\\fixtures\\sampleData.ts","statementMap":{"0":{"start":{"line":1,"column":13},"end":{"line":1,"column":36}},"1":{"start":{"line":1,"column":36},"end":{"line":7,"column":null}}},"fnMap":{},"branchMap":{},"s":{"0":0,"1":0},"f":{},"b":{}}
,"C:\\Src\\SquadProject\\frontend\\src\\components\\common\\Button.tsx": {"path":"C:\\Src\\SquadProject\\frontend\\src\\components\\common\\Button.tsx","statementMap":{"0":{"start":{"line":13,"column":13},"end":{"line":13,"column":19}},"1":{"start":{"line":43,"column":0},"end":{"line":43,"column":15}},"2":{"start":{"line":1,"column":18},"end":{"line":1,"column":null}},"3":{"start":{"line":2,"column":27},"end":{"line":2,"column":null}},"4":{"start":{"line":13,"column":45},"end":{"line":41,"column":null}},"5":{"start":{"line":21,"column":21},"end":{"line":21,"column":null}},"6":{"start":{"line":43,"column":15},"end":{"line":43,"column":22}}},"fnMap":{"0":{"name":"(anonymous_4)","decl":{"start":{"line":13,"column":45},"end":{"line":13,"column":46}},"loc":{"start":{"line":20,"column":1},"end":{"line":41,"column":null}}}},"branchMap":{"0":{"loc":{"start":{"line":16,"column":2},"end":{"line":16,"column":21}},"type":"default-arg","locations":[{"start":{"line":16,"column":12},"end":{"line":16,"column":21}}]},"1":{"loc":{"start":{"line":17,"column":2},"end":{"line":17,"column":18}},"type":"default-arg","locations":[{"start":{"line":17,"column":13},"end":{"line":17,"column":18}}]},"2":{"loc":{"start":{"line":18,"column":2},"end":{"line":18,"column":17}},"type":"default-arg","locations":[{"start":{"line":18,"column":12},"end":{"line":18,"column":17}}]},"3":{"loc":{"start":{"line":19,"column":2},"end":{"line":19,"column":17}},"type":"default-arg","locations":[{"start":{"line":19,"column":9},"end":{"line":19,"column":17}}]},"4":{"loc":{"start":{"line":21,"column":21},"end":{"line":21,"column":null}},"type":"binary-expr","locations":[{"start":{"line":21,"column":21},"end":{"line":21,"column":33}},{"start":{"line":21,"column":33},"end":{"line":21,"column":null}}]},"5":{"loc":{"start":{"line":29,"column":24},"end":{"line":29,"column":46}},"type":"cond-expr","locations":[{"start":{"line":29,"column":37},"end":{"line":29,"column":43}},{"start":{"line":29,"column":43},"end":{"line":29,"column":46}}]},"6":{"loc":{"start":{"line":31,"column":7},"end":{"line":37,"column":null}},"type":"cond-expr","locations":[{"start":{"line":32,"column":8},"end":{"line":37,"column":null}},{"start":{"line":37,"column":8},"end":{"line":37,"column":null}}]}},"s":{"0":0,"1":5,"2":1,"3":1,"4":1,"5":5,"6":1},"f":{"0":5},"b":{"0":[5],"1":[0],"2":[5],"3":[0],"4":[5,4],"5":[1,4],"6":[0,5]}}
,"C:\\Src\\SquadProject\\frontend\\src\\components\\common\\ErrorBoundary.tsx": {"path":"C:\\Src\\SquadProject\\frontend\\src\\components\\common\\ErrorBoundary.tsx","statementMap":{"0":{"start":{"line":5,"column":13},"end":{"line":5,"column":26}},"1":{"start":{"line":33,"column":0},"end":{"line":33,"column":15}},"2":{"start":{"line":1,"column":18},"end":{"line":1,"column":null}},"3":{"start":{"line":7,"column":4},"end":{"line":7,"column":null}},"4":{"start":{"line":8,"column":4},"end":{"line":8,"column":null}},"5":{"start":{"line":12,"column":4},"end":{"line":12,"column":null}},"6":{"start":{"line":21,"column":4},"end":{"line":28,"column":null}},"7":{"start":{"line":29,"column":4},"end":{"line":29,"column":null}},"8":{"start":{"line":33,"column":15},"end":{"line":33,"column":29}}},"fnMap":{"0":{"name":"(anonymous_4)","decl":{"start":{"line":6,"column":2},"end":{"line":6,"column":14}},"loc":{"start":{"line":6,"column":25},"end":{"line":9,"column":null}}},"1":{"name":"(anonymous_5)","decl":{"start":{"line":11,"column":2},"end":{"line":11,"column":9}},"loc":{"start":{"line":11,"column":48},"end":{"line":13,"column":null}}},"2":{"name":"(anonymous_6)","decl":{"start":{"line":15,"column":2},"end":{"line":15,"column":20}},"loc":{"start":{"line":15,"column":45},"end":{"line":18,"column":null}}},"3":{"name":"(anonymous_7)","decl":{"start":{"line":20,"column":2},"end":{"line":20,"column":11}},"loc":{"start":{"line":20,"column":11},"end":{"line":30,"column":null}}}},"branchMap":{"0":{"loc":{"start":{"line":21,"column":4},"end":{"line":28,"column":null}},"type":"if","locations":[{"start":{"line":21,"column":4},"end":{"line":28,"column":null}}]}},"s":{"0":0,"1":0,"2":0,"3":0,"4":0,"5":0,"6":0,"7":0,"8":0},"f":{"0":0,"1":0,"2":0,"3":0},"b":{"0":[0]}}
,"C:\\Src\\SquadProject\\frontend\\src\\components\\common\\ErrorToast.tsx": {"path":"C:\\Src\\SquadProject\\frontend\\src\\components\\common\\ErrorToast.tsx","statementMap":{"0":{"start":{"line":3,"column":13},"end":{"line":3,"column":23}},"1":{"start":{"line":15,"column":0},"end":{"line":15,"column":15}},"2":{"start":{"line":1,"column":18},"end":{"line":1,"column":null}},"3":{"start":{"line":3,"column":78},"end":{"line":13,"column":null}},"4":{"start":{"line":4,"column":2},"end":{"line":4,"column":null}},"5":{"start":{"line":4,"column":16},"end":{"line":4,"column":null}},"6":{"start":{"line":15,"column":15},"end":{"line":15,"column":26}}},"fnMap":{"0":{"name":"(anonymous_4)","decl":{"start":{"line":3,"column":78},"end":{"line":3,"column":79}},"loc":{"start":{"line":3,"column":99},"end":{"line":13,"column":null}}}},"branchMap":{"0":{"loc":{"start":{"line":4,"column":2},"end":{"line":4,"column":null}},"type":"if","locations":[{"start":{"line":4,"column":2},"end":{"line":4,"column":null}}]}},"s":{"0":0,"1":0,"2":0,"3":0,"4":0,"5":0,"6":0},"f":{"0":0},"b":{"0":[0]}}
,"C:\\Src\\SquadProject\\frontend\\src\\components\\common\\Input.tsx": {"path":"C:\\Src\\SquadProject\\frontend\\src\\components\\common\\Input.tsx","statementMap":{"0":{"start":{"line":37,"column":0},"end":{"line":37,"column":15}},"1":{"start":{"line":1,"column":18},"end":{"line":1,"column":null}},"2":{"start":{"line":12,"column":14},"end":{"line":34,"column":null}},"3":{"start":{"line":21,"column":27},"end":{"line":21,"column":null}},"4":{"start":{"line":37,"column":15},"end":{"line":37,"column":null}}},"fnMap":{"0":{"name":"(anonymous_2)","decl":{"start":{"line":13,"column":2},"end":{"line":13,"column":3}},"loc":{"start":{"line":13,"column":65},"end":{"line":34,"column":null}}},"1":{"name":"(anonymous_3)","decl":{"start":{"line":21,"column":20},"end":{"line":21,"column":21}},"loc":{"start":{"line":21,"column":27},"end":{"line":21,"column":null}}}},"branchMap":{"0":{"loc":{"start":{"line":13,"column":41},"end":{"line":13,"column":54}},"type":"default-arg","locations":[{"start":{"line":13,"column":48},"end":{"line":13,"column":54}}]},"1":{"loc":{"start":{"line":20,"column":17},"end":{"line":20,"column":null}},"type":"cond-expr","locations":[{"start":{"line":20,"column":39},"end":{"line":20,"column":52}},{"start":{"line":20,"column":52},"end":{"line":20,"column":null}}]},"2":{"loc":{"start":{"line":25,"column":17},"end":{"line":25,"column":null}},"type":"cond-expr","locations":[{"start":{"line":25,"column":25},"end":{"line":25,"column":50}},{"start":{"line":25,"column":50},"end":{"line":25,"column":null}}]},"3":{"loc":{"start":{"line":27,"column":9},"end":{"line":31,"column":null}},"type":"cond-expr","locations":[{"start":{"line":28,"column":10},"end":{"line":31,"column":null}},{"start":{"line":31,"column":12},"end":{"line":31,"column":null}}]}},"s":{"0":7,"1":1,"2":1,"3":1,"4":1},"f":{"0":6,"1":1},"b":{"0":[0],"1":[0,6],"2":[0,6],"3":[0,6]}}
,"C:\\Src\\SquadProject\\frontend\\src\\components\\common\\LoadingSpinner.tsx": {"path":"C:\\Src\\SquadProject\\frontend\\src\\components\\common\\LoadingSpinner.tsx","statementMap":{"0":{"start":{"line":3,"column":13},"end":{"line":3,"column":27}},"1":{"start":{"line":32,"column":0},"end":{"line":32,"column":15}},"2":{"start":{"line":1,"column":18},"end":{"line":1,"column":null}},"3":{"start":{"line":32,"column":15},"end":{"line":32,"column":30}}},"fnMap":{},"branchMap":{"0":{"loc":{"start":{"line":3,"column":60},"end":{"line":3,"column":69}},"type":"default-arg","locations":[{"start":{"line":3,"column":67},"end":{"line":3,"column":69}}]}},"s":{"0":0,"1":0,"2":1,"3":1},"f":{},"b":{"0":[0]}}
,"C:\\Src\\SquadProject\\frontend\\src\\components\\common\\Select.tsx": {"path":"C:\\Src\\SquadProject\\frontend\\src\\components\\common\\Select.tsx","statementMap":{"0":{"start":{"line":15,"column":13},"end":{"line":15,"column":19}},"1":{"start":{"line":46,"column":0},"end":{"line":46,"column":15}},"2":{"start":{"line":1,"column":18},"end":{"line":1,"column":null}},"3":{"start":{"line":15,"column":45},"end":{"line":44,"column":null}},"4":{"start":{"line":27,"column":25},"end":{"line":27,"column":null}},"5":{"start":{"line":32,"column":10},"end":{"line":32,"column":32}},"6":{"start":{"line":46,"column":15},"end":{"line":46,"column":22}}},"fnMap":{"0":{"name":"(anonymous_4)","decl":{"start":{"line":15,"column":45},"end":{"line":15,"column":46}},"loc":{"start":{"line":15,"column":102},"end":{"line":44,"column":null}}},"1":{"name":"(anonymous_5)","decl":{"start":{"line":27,"column":18},"end":{"line":27,"column":19}},"loc":{"start":{"line":27,"column":25},"end":{"line":27,"column":null}}},"2":{"name":"(anonymous_6)","decl":{"start":{"line":31,"column":21},"end":{"line":31,"column":22}},"loc":{"start":{"line":32,"column":10},"end":{"line":32,"column":32}}}},"branchMap":{"0":{"loc":{"start":{"line":18,"column":7},"end":{"line":18,"column":null}},"type":"binary-expr","locations":[{"start":{"line":18,"column":7},"end":{"line":18,"column":null}}]},"1":{"loc":{"start":{"line":37,"column":7},"end":{"line":37,"column":null}},"type":"binary-expr","locations":[{"start":{"line":37,"column":7},"end":{"line":37,"column":null}}]}},"s":{"0":0,"1":10,"2":1,"3":1,"4":0,"5":4,"6":1},"f":{"0":10,"1":0,"2":4},"b":{"0":[10],"1":[10]}}
,"C:\\Src\\SquadProject\\frontend\\src\\components\\features\\RandomGenerator\\RandomGenerator.tsx": {"path":"C:\\Src\\SquadProject\\frontend\\src\\components\\features\\RandomGenerator\\RandomGenerator.tsx","statementMap":{"0":{"start":{"line":4,"column":13},"end":{"line":4,"column":28}},"1":{"start":{"line":13,"column":0},"end":{"line":13,"column":15}},"2":{"start":{"line":1,"column":18},"end":{"line":1,"column":null}},"3":{"start":{"line":4,"column":41},"end":{"line":11,"column":null}},"4":{"start":{"line":13,"column":15},"end":{"line":13,"column":31}}},"fnMap":{"0":{"name":"(anonymous_4)","decl":{"start":{"line":4,"column":41},"end":{"line":4,"column":null}},"loc":{"start":{"line":4,"column":41},"end":{"line":11,"column":null}}}},"branchMap":{},"s":{"0":0,"1":0,"2":0,"3":0,"4":0},"f":{"0":0},"b":{}}
,"C:\\Src\\SquadProject\\frontend\\src\\components\\features\\UnitConverter\\UnitConverter.tsx": {"path":"C:\\Src\\SquadProject\\frontend\\src\\components\\features\\UnitConverter\\UnitConverter.tsx","statementMap":{"0":{"start":{"line":4,"column":13},"end":{"line":4,"column":26}},"1":{"start":{"line":13,"column":0},"end":{"line":13,"column":15}},"2":{"start":{"line":1,"column":18},"end":{"line":1,"column":null}},"3":{"start":{"line":4,"column":39},"end":{"line":11,"column":null}},"4":{"start":{"line":13,"column":15},"end":{"line":13,"column":29}}},"fnMap":{"0":{"name":"(anonymous_4)","decl":{"start":{"line":4,"column":39},"end":{"line":4,"column":null}},"loc":{"start":{"line":4,"column":39},"end":{"line":11,"column":null}}}},"branchMap":{},"s":{"0":0,"1":0,"2":0,"3":0,"4":0},"f":{"0":0},"b":{}}
,"C:\\Src\\SquadProject\\frontend\\src\\components\\forms\\FormButton.tsx": {"path":"C:\\Src\\SquadProject\\frontend\\src\\components\\forms\\FormButton.tsx","statementMap":{"0":{"start":{"line":9,"column":13},"end":{"line":9,"column":23}},"1":{"start":{"line":17,"column":0},"end":{"line":17,"column":15}},"2":{"start":{"line":1,"column":18},"end":{"line":1,"column":null}},"3":{"start":{"line":9,"column":53},"end":{"line":15,"column":null}},"4":{"start":{"line":17,"column":15},"end":{"line":17,"column":26}}},"fnMap":{"0":{"name":"(anonymous_4)","decl":{"start":{"line":9,"column":53},"end":{"line":9,"column":54}},"loc":{"start":{"line":9,"column":102},"end":{"line":15,"column":null}}}},"branchMap":{"0":{"loc":{"start":{"line":9,"column":56},"end":{"line":9,"column":73}},"type":"default-arg","locations":[{"start":{"line":9,"column":68},"end":{"line":9,"column":73}}]},"1":{"loc":{"start":{"line":9,"column":85},"end":{"line":9,"column":100}},"type":"default-arg","locations":[{"start":{"line":9,"column":92},"end":{"line":9,"column":100}}]},"2":{"loc":{"start":{"line":12,"column":7},"end":{"line":12,"column":null}},"type":"cond-expr","locations":[{"start":{"line":12,"column":19},"end":{"line":12,"column":34}},{"start":{"line":12,"column":34},"end":{"line":12,"column":null}}]}},"s":{"0":0,"1":0,"2":0,"3":0,"4":0},"f":{"0":0},"b":{"0":[0],"1":[0],"2":[0,0]}}
,"C:\\Src\\SquadProject\\frontend\\src\\components\\forms\\FormField.tsx": {"path":"C:\\Src\\SquadProject\\frontend\\src\\components\\forms\\FormField.tsx","statementMap":{"0":{"start":{"line":12,"column":13},"end":{"line":12,"column":22}},"1":{"start":{"line":38,"column":0},"end":{"line":38,"column":15}},"2":{"start":{"line":1,"column":18},"end":{"line":1,"column":null}},"3":{"start":{"line":2,"column":27},"end":{"line":2,"column":null}},"4":{"start":{"line":3,"column":18},"end":{"line":3,"column":null}},"5":{"start":{"line":12,"column":51},"end":{"line":36,"column":null}},"6":{"start":{"line":14,"column":2},"end":{"line":21,"column":null}},"7":{"start":{"line":38,"column":15},"end":{"line":38,"column":25}}},"fnMap":{"0":{"name":"(anonymous_4)","decl":{"start":{"line":12,"column":51},"end":{"line":12,"column":52}},"loc":{"start":{"line":12,"column":83},"end":{"line":36,"column":null}}}},"branchMap":{"0":{"loc":{"start":{"line":14,"column":2},"end":{"line":21,"column":null}},"type":"if","locations":[{"start":{"line":14,"column":2},"end":{"line":21,"column":null}}]},"1":{"loc":{"start":{"line":17,"column":9},"end":{"line":17,"column":18}},"type":"binary-expr","locations":[{"start":{"line":17,"column":9},"end":{"line":17,"column":18}}]},"2":{"loc":{"start":{"line":30,"column":11},"end":{"line":30,"column":20}},"type":"binary-expr","locations":[{"start":{"line":30,"column":11},"end":{"line":30,"column":20}}]}},"s":{"0":0,"1":0,"2":0,"3":0,"4":0,"5":0,"6":0,"7":0},"f":{"0":0},"b":{"0":[0],"1":[0],"2":[0]}}
,"C:\\Src\\SquadProject\\frontend\\src\\components\\forms\\FormWrapper.tsx": {"path":"C:\\Src\\SquadProject\\frontend\\src\\components\\forms\\FormWrapper.tsx","statementMap":{"0":{"start":{"line":10,"column":16},"end":{"line":10,"column":27}},"1":{"start":{"line":26,"column":0},"end":{"line":26,"column":15}},"2":{"start":{"line":1,"column":18},"end":{"line":1,"column":null}},"3":{"start":{"line":13,"column":23},"end":{"line":17,"column":null}},"4":{"start":{"line":14,"column":4},"end":{"line":14,"column":null}},"5":{"start":{"line":26,"column":15},"end":{"line":26,"column":27}}},"fnMap":{"0":{"name":"FormWrapper","decl":{"start":{"line":10,"column":16},"end":{"line":10,"column":27}},"loc":{"start":{"line":10,"column":83},"end":{"line":24,"column":null}}},"1":{"name":"(anonymous_5)","decl":{"start":{"line":13,"column":23},"end":{"line":13,"column":24}},"loc":{"start":{"line":13,"column":24},"end":{"line":17,"column":null}}}},"branchMap":{},"s":{"0":0,"1":0,"2":0,"3":0,"4":0,"5":0},"f":{"0":0,"1":0},"b":{}}
,"C:\\Src\\SquadProject\\frontend\\src\\components\\forms\\RandomGeneratorForm.tsx": {"path":"C:\\Src\\SquadProject\\frontend\\src\\components\\forms\\RandomGeneratorForm.tsx","statementMap":{"0":{"start":{"line":10,"column":13},"end":{"line":10,"column":32}},"1":{"start":{"line":40,"column":0},"end":{"line":40,"column":15}},"2":{"start":{"line":1,"column":18},"end":{"line":1,"column":null}},"3":{"start":{"line":2,"column":24},"end":{"line":2,"column":null}},"4":{"start":{"line":3,"column":19},"end":{"line":3,"column":null}},"5":{"start":{"line":4,"column":18},"end":{"line":4,"column":null}},"6":{"start":{"line":5,"column":19},"end":{"line":5,"column":null}},"7":{"start":{"line":6,"column":35},"end":{"line":6,"column":null}},"8":{"start":{"line":10,"column":45},"end":{"line":38,"column":null}},"9":{"start":{"line":11,"column":77},"end":{"line":11,"column":null}},"10":{"start":{"line":12,"column":111},"end":{"line":12,"column":null}},"11":{"start":{"line":13,"column":15},"end":{"line":13,"column":null}},"12":{"start":{"line":15,"column":19},"end":{"line":21,"column":null}},"13":{"start":{"line":16,"column":4},"end":{"line":16,"column":null}},"14":{"start":{"line":17,"column":4},"end":{"line":20,"column":null}},"15":{"start":{"line":17,"column":30},"end":{"line":17,"column":null}},"16":{"start":{"line":18,"column":9},"end":{"line":20,"column":null}},"17":{"start":{"line":18,"column":37},"end":{"line":18,"column":null}},"18":{"start":{"line":19,"column":9},"end":{"line":20,"column":null}},"19":{"start":{"line":19,"column":38},"end":{"line":19,"column":null}},"20":{"start":{"line":20,"column":9},"end":{"line":20,"column":null}},"21":{"start":{"line":20,"column":38},"end":{"line":20,"column":null}},"22":{"start":{"line":25,"column":240},"end":{"line":25,"column":null}},"23":{"start":{"line":40,"column":15},"end":{"line":40,"column":35}}},"fnMap":{"0":{"name":"(anonymous_4)","decl":{"start":{"line":10,"column":45},"end":{"line":10,"column":null}},"loc":{"start":{"line":10,"column":45},"end":{"line":38,"column":null}}},"1":{"name":"(anonymous_5)","decl":{"start":{"line":15,"column":19},"end":{"line":15,"column":20}},"loc":{"start":{"line":15,"column":20},"end":{"line":21,"column":null}}},"2":{"name":"(anonymous_6)","decl":{"start":{"line":25,"column":233},"end":{"line":25,"column":234}},"loc":{"start":{"line":25,"column":240},"end":{"line":25,"column":null}}}},"branchMap":{"0":{"loc":{"start":{"line":17,"column":4},"end":{"line":20,"column":null}},"type":"if","locations":[{"start":{"line":17,"column":4},"end":{"line":20,"column":null}},{"start":{"line":18,"column":9},"end":{"line":20,"column":null}}]},"1":{"loc":{"start":{"line":18,"column":9},"end":{"line":20,"column":null}},"type":"if","locations":[{"start":{"line":18,"column":9},"end":{"line":20,"column":null}},{"start":{"line":19,"column":9},"end":{"line":20,"column":null}}]},"2":{"loc":{"start":{"line":19,"column":9},"end":{"line":20,"column":null}},"type":"if","locations":[{"start":{"line":19,"column":9},"end":{"line":20,"column":null}},{"start":{"line":20,"column":9},"end":{"line":20,"column":null}}]},"3":{"loc":{"start":{"line":20,"column":9},"end":{"line":20,"column":null}},"type":"if","locations":[{"start":{"line":20,"column":9},"end":{"line":20,"column":null}}]},"4":{"loc":{"start":{"line":20,"column":63},"end":{"line":20,"column":80}},"type":"binary-expr","locations":[{"start":{"line":20,"column":63},"end":{"line":20,"column":73}},{"start":{"line":20,"column":77},"end":{"line":20,"column":80}}]},"5":{"loc":{"start":{"line":20,"column":85},"end":{"line":20,"column":100}},"type":"binary-expr","locations":[{"start":{"line":20,"column":85},"end":{"line":20,"column":93}},{"start":{"line":20,"column":97},"end":{"line":20,"column":100}}]},"6":{"loc":{"start":{"line":20,"column":105},"end":{"line":20,"column":121}},"type":"binary-expr","locations":[{"start":{"line":20,"column":105},"end":{"line":20,"column":113}},{"start":{"line":20,"column":117},"end":{"line":20,"column":121}}]},"7":{"loc":{"start":{"line":26,"column":7},"end":{"line":26,"column":null}},"type":"binary-expr","locations":[{"start":{"line":26,"column":7},"end":{"line":26,"column":null}}]},"8":{"loc":{"start":{"line":33,"column":48},"end":{"line":33,"column":null}},"type":"cond-expr","locations":[{"start":{"line":33,"column":58},"end":{"line":33,"column":76}},{"start":{"line":33,"column":76},"end":{"line":33,"column":null}}]},"9":{"loc":{"start":{"line":34,"column":7},"end":{"line":34,"column":16}},"type":"binary-expr","locations":[{"start":{"line":34,"column":7},"end":{"line":34,"column":16}}]},"10":{"loc":{"start":{"line":35,"column":7},"end":{"line":35,"column":20}},"type":"binary-expr","locations":[{"start":{"line":35,"column":7},"end":{"line":35,"column":20}}]}},"s":{"0":0,"1":0,"2":0,"3":0,"4":0,"5":0,"6":0,"7":0,"8":0,"9":0,"10":0,"11":0,"12":0,"13":0,"14":0,"15":0,"16":0,"17":0,"18":0,"19":0,"20":0,"21":0,"22":0,"23":0},"f":{"0":0,"1":0,"2":0},"b":{"0":[0,0],"1":[0,0],"2":[0,0],"3":[0],"4":[0,0],"5":[0,0],"6":[0,0],"7":[0],"8":[0,0],"9":[0],"10":[0]}}
,"C:\\Src\\SquadProject\\frontend\\src\\components\\forms\\UnitConversionForm.tsx": {"path":"C:\\Src\\SquadProject\\frontend\\src\\components\\forms\\UnitConversionForm.tsx","statementMap":{"0":{"start":{"line":11,"column":13},"end":{"line":11,"column":31}},"1":{"start":{"line":60,"column":0},"end":{"line":60,"column":15}},"2":{"start":{"line":1,"column":33},"end":{"line":1,"column":null}},"3":{"start":{"line":2,"column":36},"end":{"line":2,"column":null}},"4":{"start":{"line":3,"column":34},"end":{"line":3,"column":null}},"5":{"start":{"line":4,"column":19},"end":{"line":4,"column":null}},"6":{"start":{"line":5,"column":18},"end":{"line":5,"column":null}},"7":{"start":{"line":6,"column":19},"end":{"line":6,"column":null}},"8":{"start":{"line":7,"column":34},"end":{"line":7,"column":null}},"9":{"start":{"line":11,"column":44},"end":{"line":58,"column":null}},"10":{"start":{"line":12,"column":86},"end":{"line":12,"column":null}},"11":{"start":{"line":13,"column":46},"end":{"line":13,"column":null}},"12":{"start":{"line":14,"column":28},"end":{"line":14,"column":null}},"13":{"start":{"line":16,"column":2},"end":{"line":31,"column":null}},"14":{"start":{"line":17,"column":15},"end":{"line":17,"column":null}},"15":{"start":{"line":18,"column":4},"end":{"line":28,"column":null}},"16":{"start":{"line":20,"column":23},"end":{"line":20,"column":null}},"17":{"start":{"line":20,"column":37},"end":{"line":20,"column":null}},"18":{"start":{"line":21,"column":8},"end":{"line":21,"column":null}},"19":{"start":{"line":22,"column":8},"end":{"line":25,"column":null}},"20":{"start":{"line":23,"column":10},"end":{"line":23,"column":null}},"21":{"start":{"line":24,"column":10},"end":{"line":24,"column":null}},"22":{"start":{"line":28,"column":21},"end":{"line":28,"column":null}},"23":{"start":{"line":30,"column":4},"end":{"line":30,"column":null}},"24":{"start":{"line":30,"column":17},"end":{"line":30,"column":null}},"25":{"start":{"line":33,"column":19},"end":{"line":39,"column":null}},"26":{"start":{"line":34,"column":17},"end":{"line":34,"column":null}},"27":{"start":{"line":35,"column":15},"end":{"line":35,"column":null}},"28":{"start":{"line":36,"column":4},"end":{"line":36,"column":null}},"29":{"start":{"line":36,"column":37},"end":{"line":36,"column":null}},"30":{"start":{"line":37,"column":18},"end":{"line":37,"column":null}},"31":{"start":{"line":38,"column":4},"end":{"line":38,"column":null}},"32":{"start":{"line":51,"column":105},"end":{"line":51,"column":null}},"33":{"start":{"line":52,"column":99},"end":{"line":52,"column":null}},"34":{"start":{"line":60,"column":15},"end":{"line":60,"column":34}}},"fnMap":{"0":{"name":"(anonymous_7)","decl":{"start":{"line":11,"column":44},"end":{"line":11,"column":null}},"loc":{"start":{"line":11,"column":44},"end":{"line":58,"column":null}}},"1":{"name":"(anonymous_8)","decl":{"start":{"line":16,"column":12},"end":{"line":16,"column":null}},"loc":{"start":{"line":16,"column":12},"end":{"line":31,"column":5}}},"2":{"name":"(anonymous_9)","decl":{"start":{"line":19,"column":12},"end":{"line":19,"column":13}},"loc":{"start":{"line":19,"column":13},"end":{"line":26,"column":null}}},"3":{"name":"(anonymous_10)","decl":{"start":{"line":20,"column":29},"end":{"line":20,"column":30}},"loc":{"start":{"line":20,"column":37},"end":{"line":20,"column":null}}},"4":{"name":"(anonymous_11)","decl":{"start":{"line":27,"column":13},"end":{"line":27,"column":20}},"loc":{"start":{"line":27,"column":13},"end":{"line":27,"column":null}}},"5":{"name":"(anonymous_12)","decl":{"start":{"line":28,"column":15},"end":{"line":28,"column":21}},"loc":{"start":{"line":28,"column":21},"end":{"line":28,"column":null}}},"6":{"name":"(anonymous_13)","decl":{"start":{"line":30,"column":11},"end":{"line":30,"column":17}},"loc":{"start":{"line":30,"column":17},"end":{"line":30,"column":null}}},"7":{"name":"(anonymous_14)","decl":{"start":{"line":33,"column":19},"end":{"line":33,"column":20}},"loc":{"start":{"line":33,"column":20},"end":{"line":39,"column":null}}},"8":{"name":"(anonymous_16)","decl":{"start":{"line":51,"column":98},"end":{"line":51,"column":99}},"loc":{"start":{"line":51,"column":105},"end":{"line":51,"column":null}}},"9":{"name":"(anonymous_17)","decl":{"start":{"line":52,"column":92},"end":{"line":52,"column":93}},"loc":{"start":{"line":52,"column":99},"end":{"line":52,"column":null}}}},"branchMap":{"0":{"loc":{"start":{"line":22,"column":8},"end":{"line":25,"column":null}},"type":"if","locations":[{"start":{"line":22,"column":8},"end":{"line":25,"column":null}}]},"1":{"loc":{"start":{"line":24,"column":29},"end":{"line":24,"column":82}},"type":"cond-expr","locations":[{"start":{"line":24,"column":49},"end":{"line":24,"column":64}},{"start":{"line":24,"column":67},"end":{"line":24,"column":82}}]},"2":{"loc":{"start":{"line":34,"column":17},"end":{"line":34,"column":null}},"type":"binary-expr","locations":[{"start":{"line":34,"column":17},"end":{"line":34,"column":30}},{"start":{"line":34,"column":34},"end":{"line":34,"column":53}},{"start":{"line":34,"column":53},"end":{"line":34,"column":null}}]},"3":{"loc":{"start":{"line":35,"column":15},"end":{"line":35,"column":null}},"type":"binary-expr","locations":[{"start":{"line":35,"column":15},"end":{"line":35,"column":26}},{"start":{"line":35,"column":31},"end":{"line":35,"column":81}},{"start":{"line":35,"column":87},"end":{"line":35,"column":null}}]},"4":{"loc":{"start":{"line":35,"column":31},"end":{"line":35,"column":81}},"type":"cond-expr","locations":[{"start":{"line":35,"column":50},"end":{"line":35,"column":64}},{"start":{"line":35,"column":67},"end":{"line":35,"column":81}}]},"5":{"loc":{"start":{"line":36,"column":4},"end":{"line":36,"column":null}},"type":"if","locations":[{"start":{"line":36,"column":4},"end":{"line":36,"column":null}}]},"6":{"loc":{"start":{"line":36,"column":8},"end":{"line":36,"column":37}},"type":"binary-expr","locations":[{"start":{"line":36,"column":8},"end":{"line":36,"column":17}},{"start":{"line":36,"column":17},"end":{"line":36,"column":24}},{"start":{"line":36,"column":24},"end":{"line":36,"column":37}}]},"7":{"loc":{"start":{"line":37,"column":18},"end":{"line":37,"column":null}},"type":"binary-expr","locations":[{"start":{"line":37,"column":18},"end":{"line":37,"column":32}},{"start":{"line":37,"column":36},"end":{"line":37,"column":null}}]},"8":{"loc":{"start":{"line":53,"column":48},"end":{"line":53,"column":null}},"type":"cond-expr","locations":[{"start":{"line":53,"column":58},"end":{"line":53,"column":76}},{"start":{"line":53,"column":76},"end":{"line":53,"column":null}}]},"9":{"loc":{"start":{"line":54,"column":7},"end":{"line":54,"column":16}},"type":"binary-expr","locations":[{"start":{"line":54,"column":7},"end":{"line":54,"column":16}}]},"10":{"loc":{"start":{"line":55,"column":7},"end":{"line":55,"column":17}},"type":"binary-expr","locations":[{"start":{"line":55,"column":7},"end":{"line":55,"column":17}}]}},"s":{"0":0,"1":1,"2":1,"3":1,"4":1,"5":1,"6":1,"7":1,"8":1,"9":1,"10":5,"11":5,"12":5,"13":5,"14":1,"15":1,"16":1,"17":2,"18":1,"19":1,"20":1,"21":1,"22":1,"23":1,"24":1,"25":5,"26":1,"27":1,"28":1,"29":0,"30":1,"31":1,"32":0,"33":0,"34":1},"f":{"0":5,"1":1,"2":1,"3":2,"4":0,"5":1,"6":1,"7":1,"8":0,"9":0},"b":{"0":[1],"1":[1,0],"2":[1,1,1],"3":[1,1,1],"4":[0,1],"5":[0],"6":[1,1,1],"7":[1,0],"8":[1,4],"9":[5],"10":[5]}}
,"C:\\Src\\SquadProject\\frontend\\src\\hooks\\useForm.ts": {"path":"C:\\Src\\SquadProject\\frontend\\src\\hooks\\useForm.ts","statementMap":{"0":{"start":{"line":6,"column":13},"end":{"line":6,"column":20}},"1":{"start":{"line":11,"column":13},"end":{"line":11,"column":26}},"2":{"start":{"line":21,"column":0},"end":{"line":21,"column":15}},"3":{"start":{"line":1,"column":53},"end":{"line":1,"column":null}},"4":{"start":{"line":2,"column":28},"end":{"line":2,"column":null}},"5":{"start":{"line":3,"column":28},"end":{"line":3,"column":null}},"6":{"start":{"line":6,"column":23},"end":{"line":9,"column":null}},"7":{"start":{"line":8,"column":2},"end":{"line":8,"column":null}},"8":{"start":{"line":11,"column":29},"end":{"line":19,"column":null}},"9":{"start":{"line":12,"column":19},"end":{"line":12,"column":null}},"10":{"start":{"line":13,"column":2},"end":{"line":18,"column":null}},"11":{"start":{"line":14,"column":4},"end":{"line":17,"column":null}},"12":{"start":{"line":16,"column":6},"end":{"line":16,"column":null}},"13":{"start":{"line":21,"column":15},"end":{"line":21,"column":23}}},"fnMap":{"0":{"name":"(anonymous_4)","decl":{"start":{"line":6,"column":23},"end":{"line":6,"column":28}},"loc":{"start":{"line":6,"column":28},"end":{"line":9,"column":null}}},"1":{"name":"(anonymous_5)","decl":{"start":{"line":11,"column":29},"end":{"line":11,"column":null}},"loc":{"start":{"line":11,"column":29},"end":{"line":19,"column":null}}},"2":{"name":"(anonymous_6)","decl":{"start":{"line":13,"column":21},"end":{"line":13,"column":22}},"loc":{"start":{"line":13,"column":22},"end":{"line":18,"column":5}}},"3":{"name":"(anonymous_7)","decl":{"start":{"line":14,"column":11},"end":{"line":14,"column":12}},"loc":{"start":{"line":14,"column":15},"end":{"line":17,"column":null}}}},"branchMap":{},"s":{"0":0,"1":0,"2":0,"3":0,"4":0,"5":0,"6":0,"7":0,"8":0,"9":0,"10":0,"11":0,"12":0,"13":0},"f":{"0":0,"1":0,"2":0,"3":0},"b":{}}
,"C:\\Src\\SquadProject\\frontend\\src\\hooks\\useRandomGenerator.ts": {"path":"C:\\Src\\SquadProject\\frontend\\src\\hooks\\useRandomGenerator.ts","statementMap":{"0":{"start":{"line":6,"column":16},"end":{"line":6,"column":null}},"1":{"start":{"line":1,"column":28},"end":{"line":1,"column":null}},"2":{"start":{"line":2,"column":41},"end":{"line":2,"column":null}},"3":{"start":{"line":4,"column":140},"end":{"line":4,"column":null}},"4":{"start":{"line":7,"column":19},"end":{"line":7,"column":null}},"5":{"start":{"line":8,"column":20},"end":{"line":8,"column":null}},"6":{"start":{"line":8,"column":50},"end":{"line":8,"column":null}},"7":{"start":{"line":9,"column":18},"end":{"line":9,"column":null}},"8":{"start":{"line":9,"column":48},"end":{"line":9,"column":null}},"9":{"start":{"line":10,"column":16},"end":{"line":10,"column":null}},"10":{"start":{"line":10,"column":46},"end":{"line":10,"column":null}},"11":{"start":{"line":12,"column":2},"end":{"line":21,"column":null}},"12":{"start":{"line":16,"column":36},"end":{"line":16,"column":62}},"13":{"start":{"line":17,"column":38},"end":{"line":17,"column":66}},"14":{"start":{"line":18,"column":39},"end":{"line":18,"column":68}},"15":{"start":{"line":19,"column":90},"end":{"line":19,"column":125}},"16":{"start":{"line":20,"column":29},"end":{"line":20,"column":57}}},"fnMap":{"0":{"name":"useRandomGenerator","decl":{"start":{"line":6,"column":16},"end":{"line":6,"column":null}},"loc":{"start":{"line":6,"column":16},"end":{"line":22,"column":null}}},"1":{"name":"(anonymous_2)","decl":{"start":{"line":8,"column":32},"end":{"line":8,"column":33}},"loc":{"start":{"line":8,"column":50},"end":{"line":8,"column":null}}},"2":{"name":"(anonymous_3)","decl":{"start":{"line":9,"column":30},"end":{"line":9,"column":31}},"loc":{"start":{"line":9,"column":48},"end":{"line":9,"column":null}}},"3":{"name":"(anonymous_4)","decl":{"start":{"line":10,"column":28},"end":{"line":10,"column":29}},"loc":{"start":{"line":10,"column":46},"end":{"line":10,"column":null}}},"4":{"name":"(anonymous_5)","decl":{"start":{"line":16,"column":30},"end":{"line":16,"column":36}},"loc":{"start":{"line":16,"column":36},"end":{"line":16,"column":62}}},"5":{"name":"(anonymous_6)","decl":{"start":{"line":17,"column":32},"end":{"line":17,"column":38}},"loc":{"start":{"line":17,"column":38},"end":{"line":17,"column":66}}},"6":{"name":"(anonymous_7)","decl":{"start":{"line":18,"column":33},"end":{"line":18,"column":39}},"loc":{"start":{"line":18,"column":39},"end":{"line":18,"column":68}}},"7":{"name":"(anonymous_8)","decl":{"start":{"line":19,"column":33},"end":{"line":19,"column":34}},"loc":{"start":{"line":19,"column":90},"end":{"line":19,"column":125}}},"8":{"name":"(anonymous_9)","decl":{"start":{"line":20,"column":23},"end":{"line":20,"column":29}},"loc":{"start":{"line":20,"column":29},"end":{"line":20,"column":57}}}},"branchMap":{},"s":{"0":0,"1":0,"2":0,"3":0,"4":0,"5":0,"6":0,"7":0,"8":0,"9":0,"10":0,"11":0,"12":0,"13":0,"14":0,"15":0,"16":0},"f":{"0":0,"1":0,"2":0,"3":0,"4":0,"5":0,"6":0,"7":0,"8":0},"b":{}}
,"C:\\Src\\SquadProject\\frontend\\src\\hooks\\useUnitConversion.ts": {"path":"C:\\Src\\SquadProject\\frontend\\src\\hooks\\useUnitConversion.ts","statementMap":{"0":{"start":{"line":6,"column":16},"end":{"line":6,"column":null}},"1":{"start":{"line":1,"column":28},"end":{"line":1,"column":null}},"2":{"start":{"line":2,"column":41},"end":{"line":2,"column":null}},"3":{"start":{"line":4,"column":121},"end":{"line":4,"column":null}},"4":{"start":{"line":7,"column":19},"end":{"line":7,"column":null}},"5":{"start":{"line":8,"column":17},"end":{"line":8,"column":null}},"6":{"start":{"line":8,"column":47},"end":{"line":8,"column":null}},"7":{"start":{"line":9,"column":18},"end":{"line":9,"column":null}},"8":{"start":{"line":9,"column":48},"end":{"line":9,"column":null}},"9":{"start":{"line":10,"column":16},"end":{"line":10,"column":null}},"10":{"start":{"line":10,"column":46},"end":{"line":10,"column":null}},"11":{"start":{"line":12,"column":18},"end":{"line":14,"column":null}},"12":{"start":{"line":13,"column":4},"end":{"line":13,"column":null}},"13":{"start":{"line":16,"column":22},"end":{"line":16,"column":null}},"14":{"start":{"line":16,"column":40},"end":{"line":16,"column":71}},"15":{"start":{"line":18,"column":2},"end":{"line":18,"column":null}}},"fnMap":{"0":{"name":"useUnitConversion","decl":{"start":{"line":6,"column":16},"end":{"line":6,"column":null}},"loc":{"start":{"line":6,"column":16},"end":{"line":19,"column":null}}},"1":{"name":"(anonymous_2)","decl":{"start":{"line":8,"column":29},"end":{"line":8,"column":30}},"loc":{"start":{"line":8,"column":47},"end":{"line":8,"column":null}}},"2":{"name":"(anonymous_3)","decl":{"start":{"line":9,"column":30},"end":{"line":9,"column":31}},"loc":{"start":{"line":9,"column":48},"end":{"line":9,"column":null}}},"3":{"name":"(anonymous_4)","decl":{"start":{"line":10,"column":28},"end":{"line":10,"column":29}},"loc":{"start":{"line":10,"column":46},"end":{"line":10,"column":null}}},"4":{"name":"(anonymous_5)","decl":{"start":{"line":12,"column":30},"end":{"line":12,"column":31}},"loc":{"start":{"line":12,"column":68},"end":{"line":14,"column":5}}},"5":{"name":"(anonymous_6)","decl":{"start":{"line":16,"column":34},"end":{"line":16,"column":40}},"loc":{"start":{"line":16,"column":40},"end":{"line":16,"column":71}}}},"branchMap":{},"s":{"0":5,"1":1,"2":1,"3":1,"4":5,"5":5,"6":8,"7":5,"8":8,"9":5,"10":8,"11":5,"12":1,"13":5,"14":0,"15":5},"f":{"0":5,"1":8,"2":8,"3":8,"4":1,"5":0},"b":{}}
,"C:\\Src\\SquadProject\\frontend\\src\\pages\\Converter.tsx": {"path":"C:\\Src\\SquadProject\\frontend\\src\\pages\\Converter.tsx","statementMap":{"0":{"start":{"line":4,"column":13},"end":{"line":4,"column":22}},"1":{"start":{"line":13,"column":0},"end":{"line":13,"column":15}},"2":{"start":{"line":1,"column":18},"end":{"line":1,"column":null}},"3":{"start":{"line":2,"column":26},"end":{"line":2,"column":null}},"4":{"start":{"line":4,"column":35},"end":{"line":11,"column":null}},"5":{"start":{"line":13,"column":15},"end":{"line":13,"column":25}}},"fnMap":{"0":{"name":"(anonymous_4)","decl":{"start":{"line":4,"column":35},"end":{"line":4,"column":null}},"loc":{"start":{"line":4,"column":35},"end":{"line":11,"column":null}}}},"branchMap":{},"s":{"0":0,"1":0,"2":0,"3":0,"4":0,"5":0},"f":{"0":0},"b":{}}
,"C:\\Src\\SquadProject\\frontend\\src\\pages\\Generator.tsx": {"path":"C:\\Src\\SquadProject\\frontend\\src\\pages\\Generator.tsx","statementMap":{"0":{"start":{"line":4,"column":13},"end":{"line":4,"column":22}},"1":{"start":{"line":13,"column":0},"end":{"line":13,"column":15}},"2":{"start":{"line":1,"column":18},"end":{"line":1,"column":null}},"3":{"start":{"line":2,"column":28},"end":{"line":2,"column":null}},"4":{"start":{"line":4,"column":35},"end":{"line":11,"column":null}},"5":{"start":{"line":13,"column":15},"end":{"line":13,"column":25}}},"fnMap":{"0":{"name":"(anonymous_4)","decl":{"start":{"line":4,"column":35},"end":{"line":4,"column":null}},"loc":{"start":{"line":4,"column":35},"end":{"line":11,"column":null}}}},"branchMap":{},"s":{"0":0,"1":0,"2":0,"3":0,"4":0,"5":0},"f":{"0":0},"b":{}}
,"C:\\Src\\SquadProject\\frontend\\src\\pages\\Home.tsx": {"path":"C:\\Src\\SquadProject\\frontend\\src\\pages\\Home.tsx","statementMap":{"0":{"start":{"line":3,"column":13},"end":{"line":3,"column":17}},"1":{"start":{"line":12,"column":0},"end":{"line":12,"column":15}},"2":{"start":{"line":1,"column":18},"end":{"line":1,"column":null}},"3":{"start":{"line":3,"column":30},"end":{"line":10,"column":null}},"4":{"start":{"line":12,"column":15},"end":{"line":12,"column":20}}},"fnMap":{"0":{"name":"(anonymous_4)","decl":{"start":{"line":3,"column":30},"end":{"line":3,"column":null}},"loc":{"start":{"line":3,"column":30},"end":{"line":10,"column":null}}}},"branchMap":{},"s":{"0":0,"1":0,"2":0,"3":0,"4":0},"f":{"0":0},"b":{}}
,"C:\\Src\\SquadProject\\frontend\\src\\pages\\RandomGeneratorPage.tsx": {"path":"C:\\Src\\SquadProject\\frontend\\src\\pages\\RandomGeneratorPage.tsx","statementMap":{"0":{"start":{"line":34,"column":0},"end":{"line":34,"column":15}},"1":{"start":{"line":1,"column":18},"end":{"line":1,"column":null}},"2":{"start":{"line":2,"column":32},"end":{"line":2,"column":null}},"3":{"start":{"line":3,"column":35},"end":{"line":3,"column":null}},"4":{"start":{"line":5,"column":38},"end":{"line":32,"column":null}},"5":{"start":{"line":6,"column":40},"end":{"line":6,"column":null}},"6":{"start":{"line":8,"column":15},"end":{"line":15,"column":null}},"7":{"start":{"line":9,"column":4},"end":{"line":9,"column":null}},"8":{"start":{"line":9,"column":20},"end":{"line":9,"column":null}},"9":{"start":{"line":10,"column":4},"end":{"line":14,"column":null}},"10":{"start":{"line":11,"column":6},"end":{"line":11,"column":null}},"11":{"start":{"line":34,"column":15},"end":{"line":34,"column":null}}},"fnMap":{"0":{"name":"(anonymous_2)","decl":{"start":{"line":5,"column":38},"end":{"line":5,"column":null}},"loc":{"start":{"line":5,"column":38},"end":{"line":32,"column":null}}},"1":{"name":"(anonymous_3)","decl":{"start":{"line":8,"column":15},"end":{"line":8,"column":null}},"loc":{"start":{"line":8,"column":15},"end":{"line":15,"column":null}}}},"branchMap":{"0":{"loc":{"start":{"line":9,"column":4},"end":{"line":9,"column":null}},"type":"if","locations":[{"start":{"line":9,"column":4},"end":{"line":9,"column":null}}]},"1":{"loc":{"start":{"line":21,"column":7},"end":{"line":21,"column":18}},"type":"binary-expr","locations":[{"start":{"line":21,"column":7},"end":{"line":21,"column":18}}]},"2":{"loc":{"start":{"line":22,"column":7},"end":{"line":22,"column":16}},"type":"binary-expr","locations":[{"start":{"line":22,"column":7},"end":{"line":22,"column":16}}]},"3":{"loc":{"start":{"line":23,"column":7},"end":{"line":23,"column":null}},"type":"binary-expr","locations":[{"start":{"line":23,"column":7},"end":{"line":23,"column":null}}]}},"s":{"0":0,"1":0,"2":0,"3":0,"4":0,"5":0,"6":0,"7":0,"8":0,"9":0,"10":0,"11":0},"f":{"0":0,"1":0},"b":{"0":[0],"1":[0],"2":[0],"3":[0]}}
,"C:\\Src\\SquadProject\\frontend\\src\\pages\\UnitConverterPage.tsx": {"path":"C:\\Src\\SquadProject\\frontend\\src\\pages\\UnitConverterPage.tsx","statementMap":{"0":{"start":{"line":26,"column":0},"end":{"line":26,"column":15}},"1":{"start":{"line":1,"column":18},"end":{"line":1,"column":null}},"2":{"start":{"line":2,"column":31},"end":{"line":2,"column":null}},"3":{"start":{"line":3,"column":34},"end":{"line":3,"column":null}},"4":{"start":{"line":4,"column":27},"end":{"line":4,"column":null}},"5":{"start":{"line":6,"column":36},"end":{"line":24,"column":null}},"6":{"start":{"line":7,"column":50},"end":{"line":7,"column":null}},"7":{"start":{"line":26,"column":15},"end":{"line":26,"column":null}}},"fnMap":{"0":{"name":"(anonymous_2)","decl":{"start":{"line":6,"column":36},"end":{"line":6,"column":null}},"loc":{"start":{"line":6,"column":36},"end":{"line":24,"column":null}}}},"branchMap":{"0":{"loc":{"start":{"line":13,"column":7},"end":{"line":13,"column":null}},"type":"binary-expr","locations":[{"start":{"line":13,"column":7},"end":{"line":13,"column":18}},{"start":{"line":13,"column":18},"end":{"line":13,"column":null}}]},"1":{"loc":{"start":{"line":14,"column":7},"end":{"line":14,"column":16}},"type":"binary-expr","locations":[{"start":{"line":14,"column":7},"end":{"line":14,"column":16}}]},"2":{"loc":{"start":{"line":15,"column":7},"end":{"line":15,"column":null}},"type":"binary-expr","locations":[{"start":{"line":15,"column":7},"end":{"line":15,"column":null}}]}},"s":{"0":0,"1":0,"2":0,"3":0,"4":0,"5":0,"6":0,"7":0},"f":{"0":0},"b":{"0":[0,0],"1":[0],"2":[0]}}
,"C:\\Src\\SquadProject\\frontend\\src\\services\\api.ts": {"path":"C:\\Src\\SquadProject\\frontend\\src\\services\\api.ts","statementMap":{"0":{"start":{"line":27,"column":22},"end":{"line":27,"column":29}},"1":{"start":{"line":37,"column":0},"end":{"line":37,"column":15}},"2":{"start":{"line":1,"column":57},"end":{"line":1,"column":null}},"3":{"start":{"line":3,"column":16},"end":{"line":3,"column":null}},"4":{"start":{"line":5,"column":27},"end":{"line":5,"column":null}},"5":{"start":{"line":7,"column":0},"end":{"line":12,"column":null}},"6":{"start":{"line":10,"column":2},"end":{"line":10,"column":null}},"7":{"start":{"line":11,"column":2},"end":{"line":11,"column":null}},"8":{"start":{"line":14,"column":0},"end":{"line":24,"column":null}},"9":{"start":{"line":17,"column":4},"end":{"line":17,"column":null}},"10":{"start":{"line":18,"column":4},"end":{"line":18,"column":null}},"11":{"start":{"line":22,"column":4},"end":{"line":22,"column":null}},"12":{"start":{"line":23,"column":4},"end":{"line":23,"column":null}},"13":{"start":{"line":28,"column":14},"end":{"line":28,"column":null}},"14":{"start":{"line":30,"column":2},"end":{"line":32,"column":null}},"15":{"start":{"line":31,"column":5},"end":{"line":31,"column":null}},"16":{"start":{"line":33,"column":14},"end":{"line":33,"column":null}},"17":{"start":{"line":34,"column":2},"end":{"line":34,"column":null}},"18":{"start":{"line":37,"column":15},"end":{"line":37,"column":19}}},"fnMap":{"0":{"name":"(anonymous_4)","decl":{"start":{"line":7,"column":29},"end":{"line":7,"column":30}},"loc":{"start":{"line":7,"column":30},"end":{"line":12,"column":null}}},"1":{"name":"(anonymous_5)","decl":{"start":{"line":15,"column":2},"end":{"line":15,"column":3}},"loc":{"start":{"line":15,"column":3},"end":{"line":19,"column":null}}},"2":{"name":"(anonymous_6)","decl":{"start":{"line":20,"column":2},"end":{"line":20,"column":3}},"loc":{"start":{"line":20,"column":3},"end":{"line":24,"column":null}}},"3":{"name":"request","decl":{"start":{"line":27,"column":22},"end":{"line":27,"column":29}},"loc":{"start":{"line":27,"column":96},"end":{"line":35,"column":null}}}},"branchMap":{"0":{"loc":{"start":{"line":3,"column":16},"end":{"line":3,"column":null}},"type":"binary-expr","locations":[{"start":{"line":3,"column":16},"end":{"line":3,"column":40}},{"start":{"line":3,"column":44},"end":{"line":3,"column":78}},{"start":{"line":3,"column":82},"end":{"line":3,"column":null}}]},"1":{"loc":{"start":{"line":30,"column":2},"end":{"line":32,"column":null}},"type":"if","locations":[{"start":{"line":30,"column":2},"end":{"line":32,"column":null}}]}},"s":{"0":0,"1":0,"2":1,"3":1,"4":1,"5":1,"6":0,"7":0,"8":1,"9":0,"10":0,"11":0,"12":0,"13":0,"14":0,"15":0,"16":0,"17":0,"18":1},"f":{"0":0,"1":0,"2":0,"3":0},"b":{"0":[1,1,1],"1":[0]}}
,"C:\\Src\\SquadProject\\frontend\\src\\services\\randomGeneratorApi.ts": {"path":"C:\\Src\\SquadProject\\frontend\\src\\services\\randomGeneratorApi.ts","statementMap":{"0":{"start":{"line":4,"column":22},"end":{"line":4,"column":34}},"1":{"start":{"line":9,"column":22},"end":{"line":9,"column":43}},"2":{"start":{"line":14,"column":22},"end":{"line":14,"column":36}},"3":{"start":{"line":19,"column":22},"end":{"line":19,"column":37}},"4":{"start":{"line":1,"column":24},"end":{"line":1,"column":null}},"5":{"start":{"line":5,"column":14},"end":{"line":5,"column":null}},"6":{"start":{"line":6,"column":2},"end":{"line":6,"column":null}},"7":{"start":{"line":10,"column":14},"end":{"line":10,"column":null}},"8":{"start":{"line":11,"column":2},"end":{"line":11,"column":null}},"9":{"start":{"line":15,"column":14},"end":{"line":15,"column":null}},"10":{"start":{"line":16,"column":2},"end":{"line":16,"column":null}},"11":{"start":{"line":20,"column":14},"end":{"line":20,"column":null}},"12":{"start":{"line":21,"column":2},"end":{"line":21,"column":null}}},"fnMap":{"0":{"name":"generateGuid","decl":{"start":{"line":4,"column":22},"end":{"line":4,"column":34}},"loc":{"start":{"line":4,"column":55},"end":{"line":7,"column":null}}},"1":{"name":"generateRandomNumbers","decl":{"start":{"line":9,"column":22},"end":{"line":9,"column":43}},"loc":{"start":{"line":9,"column":105},"end":{"line":12,"column":null}}},"2":{"name":"generatePerson","decl":{"start":{"line":14,"column":22},"end":{"line":14,"column":36}},"loc":{"start":{"line":14,"column":57},"end":{"line":17,"column":null}}},"3":{"name":"generateAddress","decl":{"start":{"line":19,"column":22},"end":{"line":19,"column":37}},"loc":{"start":{"line":19,"column":58},"end":{"line":22,"column":null}}}},"branchMap":{},"s":{"0":0,"1":0,"2":0,"3":0,"4":1,"5":0,"6":0,"7":0,"8":0,"9":0,"10":0,"11":0,"12":0},"f":{"0":0,"1":0,"2":0,"3":0},"b":{}}
,"C:\\Src\\SquadProject\\frontend\\src\\services\\unitConversionApi.ts": {"path":"C:\\Src\\SquadProject\\frontend\\src\\services\\unitConversionApi.ts","statementMap":{"0":{"start":{"line":4,"column":22},"end":{"line":4,"column":34}},"1":{"start":{"line":10,"column":22},"end":{"line":10,"column":39}},"2":{"start":{"line":1,"column":24},"end":{"line":1,"column":null}},"3":{"start":{"line":5,"column":18},"end":{"line":5,"column":null}},"4":{"start":{"line":6,"column":14},"end":{"line":6,"column":null}},"5":{"start":{"line":7,"column":2},"end":{"line":7,"column":null}},"6":{"start":{"line":11,"column":14},"end":{"line":11,"column":null}},"7":{"start":{"line":12,"column":2},"end":{"line":12,"column":null}}},"fnMap":{"0":{"name":"convertUnits","decl":{"start":{"line":4,"column":22},"end":{"line":4,"column":34}},"loc":{"start":{"line":4,"column":108},"end":{"line":8,"column":null}}},"1":{"name":"getSupportedUnits","decl":{"start":{"line":10,"column":22},"end":{"line":10,"column":39}},"loc":{"start":{"line":10,"column":60},"end":{"line":13,"column":null}}}},"branchMap":{},"s":{"0":0,"1":0,"2":0,"3":0,"4":0,"5":0,"6":0,"7":0},"f":{"0":0,"1":0},"b":{}}
,"C:\\Src\\SquadProject\\frontend\\src\\store\\index.ts": {"path":"C:\\Src\\SquadProject\\frontend\\src\\store\\index.ts","statementMap":{"0":{"start":{"line":10,"column":13},"end":{"line":10,"column":18}},"1":{"start":{"line":15,"column":0},"end":{"line":15,"column":15}},"2":{"start":{"line":1,"column":31},"end":{"line":1,"column":null}},"3":{"start":{"line":2,"column":29},"end":{"line":2,"column":null}},"4":{"start":{"line":3,"column":29},"end":{"line":3,"column":null}},"5":{"start":{"line":5,"column":17},"end":{"line":8,"column":null}},"6":{"start":{"line":10,"column":21},"end":{"line":10,"column":null}},"7":{"start":{"line":15,"column":15},"end":{"line":15,"column":24}}},"fnMap":{},"branchMap":{},"s":{"0":0,"1":1,"2":1,"3":1,"4":1,"5":1,"6":1,"7":1},"f":{},"b":{}}
,"C:\\Src\\SquadProject\\frontend\\src\\store\\selectors.ts": {"path":"C:\\Src\\SquadProject\\frontend\\src\\store\\selectors.ts","statementMap":{"0":{"start":{"line":3,"column":13},"end":{"line":3,"column":28}},"1":{"start":{"line":4,"column":13},"end":{"line":4,"column":28}},"2":{"start":{"line":3,"column":31},"end":{"line":3,"column":68}},"3":{"start":{"line":3,"column":53},"end":{"line":3,"column":68}},"4":{"start":{"line":4,"column":31},"end":{"line":4,"column":68}},"5":{"start":{"line":4,"column":53},"end":{"line":4,"column":68}}},"fnMap":{"0":{"name":"(anonymous_3)","decl":{"start":{"line":3,"column":31},"end":{"line":3,"column":32}},"loc":{"start":{"line":3,"column":53},"end":{"line":3,"column":68}}},"1":{"name":"(anonymous_4)","decl":{"start":{"line":4,"column":31},"end":{"line":4,"column":32}},"loc":{"start":{"line":4,"column":53},"end":{"line":4,"column":68}}}},"branchMap":{},"s":{"0":0,"1":0,"2":0,"3":0,"4":0,"5":0},"f":{"0":0,"1":0},"b":{}}
,"C:\\Src\\SquadProject\\frontend\\src\\store\\slices\\converterSlice.ts": {"path":"C:\\Src\\SquadProject\\frontend\\src\\store\\slices\\converterSlice.ts","statementMap":{"0":{"start":{"line":15,"column":13},"end":{"line":15,"column":25}},"1":{"start":{"line":39,"column":15},"end":{"line":39,"column":26}},"2":{"start":{"line":39,"column":28},"end":{"line":39,"column":40}},"3":{"start":{"line":40,"column":13},"end":{"line":40,"column":25}},"4":{"start":{"line":41,"column":13},"end":{"line":41,"column":26}},"5":{"start":{"line":42,"column":13},"end":{"line":42,"column":24}},"6":{"start":{"line":43,"column":13},"end":{"line":43,"column":26}},"7":{"start":{"line":44,"column":0},"end":{"line":44,"column":15}},"8":{"start":{"line":1,"column":61},"end":{"line":1,"column":null}},"9":{"start":{"line":2,"column":48},"end":{"line":2,"column":null}},"10":{"start":{"line":13,"column":37},"end":{"line":13,"column":null}},"11":{"start":{"line":15,"column":28},"end":{"line":22,"column":null}},"12":{"start":{"line":16,"column":2},"end":{"line":21,"column":null}},"13":{"start":{"line":17,"column":16},"end":{"line":17,"column":null}},"14":{"start":{"line":18,"column":4},"end":{"line":18,"column":null}},"15":{"start":{"line":20,"column":4},"end":{"line":20,"column":null}},"16":{"start":{"line":24,"column":23},"end":{"line":37,"column":null}},"17":{"start":{"line":28,"column":25},"end":{"line":28,"column":46}},"18":{"start":{"line":28,"column":46},"end":{"line":28,"column":66}},"19":{"start":{"line":29,"column":26},"end":{"line":29,"column":46}},"20":{"start":{"line":32,"column":4},"end":{"line":35,"column":null}},"21":{"start":{"line":33,"column":50},"end":{"line":33,"column":72}},"22":{"start":{"line":33,"column":72},"end":{"line":33,"column":92}},"23":{"start":{"line":34,"column":93},"end":{"line":34,"column":116}},"24":{"start":{"line":34,"column":116},"end":{"line":34,"column":147}},"25":{"start":{"line":34,"column":147},"end":{"line":34,"column":186}},"26":{"start":{"line":35,"column":59},"end":{"line":35,"column":82}},"27":{"start":{"line":35,"column":82},"end":{"line":35,"column":145}},"28":{"start":{"line":39,"column":45},"end":{"line":39,"column":67}},"29":{"start":{"line":40,"column":28},"end":{"line":40,"column":64}},"30":{"start":{"line":40,"column":46},"end":{"line":40,"column":64}},"31":{"start":{"line":41,"column":29},"end":{"line":41,"column":66}},"32":{"start":{"line":41,"column":47},"end":{"line":41,"column":66}},"33":{"start":{"line":42,"column":27},"end":{"line":42,"column":62}},"34":{"start":{"line":42,"column":45},"end":{"line":42,"column":62}},"35":{"start":{"line":43,"column":29},"end":{"line":43,"column":66}},"36":{"start":{"line":43,"column":47},"end":{"line":43,"column":66}},"37":{"start":{"line":44,"column":15},"end":{"line":44,"column":37}}},"fnMap":{"0":{"name":"(anonymous_9)","decl":{"start":{"line":15,"column":71},"end":{"line":15,"column":78}},"loc":{"start":{"line":15,"column":170},"end":{"line":22,"column":null}}},"1":{"name":"(anonymous_10)","decl":{"start":{"line":28,"column":4},"end":{"line":28,"column":16}},"loc":{"start":{"line":28,"column":21},"end":{"line":28,"column":null}}},"2":{"name":"(anonymous_11)","decl":{"start":{"line":29,"column":4},"end":{"line":29,"column":17}},"loc":{"start":{"line":29,"column":22},"end":{"line":29,"column":null}}},"3":{"name":"(anonymous_12)","decl":{"start":{"line":31,"column":17},"end":{"line":31,"column":18}},"loc":{"start":{"line":31,"column":18},"end":{"line":36,"column":null}}},"4":{"name":"(anonymous_13)","decl":{"start":{"line":33,"column":37},"end":{"line":33,"column":38}},"loc":{"start":{"line":33,"column":38},"end":{"line":33,"column":null}}},"5":{"name":"(anonymous_14)","decl":{"start":{"line":34,"column":39},"end":{"line":34,"column":40}},"loc":{"start":{"line":34,"column":47},"end":{"line":34,"column":null}}},"6":{"name":"(anonymous_15)","decl":{"start":{"line":35,"column":38},"end":{"line":35,"column":39}},"loc":{"start":{"line":35,"column":46},"end":{"line":35,"column":null}}},"7":{"name":"(anonymous_16)","decl":{"start":{"line":40,"column":28},"end":{"line":40,"column":29}},"loc":{"start":{"line":40,"column":46},"end":{"line":40,"column":64}}},"8":{"name":"(anonymous_17)","decl":{"start":{"line":41,"column":29},"end":{"line":41,"column":30}},"loc":{"start":{"line":41,"column":47},"end":{"line":41,"column":66}}},"9":{"name":"(anonymous_18)","decl":{"start":{"line":42,"column":27},"end":{"line":42,"column":28}},"loc":{"start":{"line":42,"column":45},"end":{"line":42,"column":62}}},"10":{"name":"(anonymous_19)","decl":{"start":{"line":43,"column":29},"end":{"line":43,"column":30}},"loc":{"start":{"line":43,"column":47},"end":{"line":43,"column":66}}}},"branchMap":{"0":{"loc":{"start":{"line":20,"column":27},"end":{"line":20,"column":null}},"type":"binary-expr","locations":[{"start":{"line":20,"column":27},"end":{"line":20,"column":36}},{"start":{"line":20,"column":40},"end":{"line":20,"column":null}}]},"1":{"loc":{"start":{"line":35,"column":103},"end":{"line":35,"column":145}},"type":"binary-expr","locations":[{"start":{"line":35,"column":103},"end":{"line":35,"column":117}},{"start":{"line":35,"column":121},"end":{"line":35,"column":145}}]}},"s":{"0":1,"1":0,"2":0,"3":8,"4":8,"5":8,"6":0,"7":1,"8":1,"9":1,"10":1,"11":1,"12":1,"13":1,"14":1,"15":0,"16":1,"17":0,"18":0,"19":0,"20":1,"21":1,"22":1,"23":1,"24":1,"25":1,"26":0,"27":0,"28":1,"29":1,"30":8,"31":1,"32":8,"33":1,"34":8,"35":1,"36":0,"37":1},"f":{"0":1,"1":0,"2":0,"3":1,"4":1,"5":1,"6":0,"7":8,"8":8,"9":8,"10":0},"b":{"0":[0,0],"1":[0,0]}}
,"C:\\Src\\SquadProject\\frontend\\src\\store\\slices\\generatorSlice.ts": {"path":"C:\\Src\\SquadProject\\frontend\\src\\store\\slices\\generatorSlice.ts","statementMap":{"0":{"start":{"line":21,"column":13},"end":{"line":21,"column":25}},"1":{"start":{"line":29,"column":13},"end":{"line":29,"column":27}},"2":{"start":{"line":37,"column":13},"end":{"line":37,"column":28}},"3":{"start":{"line":45,"column":13},"end":{"line":45,"column":28}},"4":{"start":{"line":86,"column":15},"end":{"line":86,"column":29}},"5":{"start":{"line":86,"column":31},"end":{"line":86,"column":47}},"6":{"start":{"line":87,"column":13},"end":{"line":87,"column":28}},"7":{"start":{"line":88,"column":13},"end":{"line":88,"column":26}},"8":{"start":{"line":89,"column":13},"end":{"line":89,"column":24}},"9":{"start":{"line":91,"column":0},"end":{"line":91,"column":15}},"10":{"start":{"line":1,"column":61},"end":{"line":1,"column":null}},"11":{"start":{"line":2,"column":169},"end":{"line":2,"column":null}},"12":{"start":{"line":14,"column":37},"end":{"line":19,"column":null}},"13":{"start":{"line":21,"column":28},"end":{"line":27,"column":null}},"14":{"start":{"line":22,"column":2},"end":{"line":26,"column":null}},"15":{"start":{"line":23,"column":4},"end":{"line":23,"column":null}},"16":{"start":{"line":25,"column":4},"end":{"line":25,"column":null}},"17":{"start":{"line":29,"column":30},"end":{"line":35,"column":null}},"18":{"start":{"line":30,"column":2},"end":{"line":34,"column":null}},"19":{"start":{"line":31,"column":4},"end":{"line":31,"column":null}},"20":{"start":{"line":33,"column":4},"end":{"line":33,"column":null}},"21":{"start":{"line":37,"column":31},"end":{"line":43,"column":null}},"22":{"start":{"line":38,"column":2},"end":{"line":42,"column":null}},"23":{"start":{"line":39,"column":4},"end":{"line":39,"column":null}},"24":{"start":{"line":41,"column":4},"end":{"line":41,"column":null}},"25":{"start":{"line":45,"column":31},"end":{"line":51,"column":null}},"26":{"start":{"line":46,"column":2},"end":{"line":50,"column":null}},"27":{"start":{"line":47,"column":4},"end":{"line":47,"column":null}},"28":{"start":{"line":49,"column":4},"end":{"line":49,"column":null}},"29":{"start":{"line":53,"column":23},"end":{"line":84,"column":null}},"30":{"start":{"line":58,"column":6},"end":{"line":58,"column":null}},"31":{"start":{"line":59,"column":6},"end":{"line":59,"column":null}},"32":{"start":{"line":60,"column":6},"end":{"line":60,"column":null}},"33":{"start":{"line":63,"column":6},"end":{"line":63,"column":null}},"34":{"start":{"line":67,"column":4},"end":{"line":82,"column":null}},"35":{"start":{"line":68,"column":50},"end":{"line":68,"column":72}},"36":{"start":{"line":68,"column":72},"end":{"line":68,"column":92}},"37":{"start":{"line":69,"column":83},"end":{"line":69,"column":106}},"38":{"start":{"line":69,"column":106},"end":{"line":69,"column":144}},"39":{"start":{"line":69,"column":144},"end":{"line":69,"column":165}},"40":{"start":{"line":70,"column":59},"end":{"line":70,"column":82}},"41":{"start":{"line":70,"column":82},"end":{"line":70,"column":145}},"42":{"start":{"line":72,"column":52},"end":{"line":72,"column":74}},"43":{"start":{"line":72,"column":74},"end":{"line":72,"column":94}},"44":{"start":{"line":73,"column":82},"end":{"line":73,"column":105}},"45":{"start":{"line":73,"column":105},"end":{"line":73,"column":143}},"46":{"start":{"line":73,"column":143},"end":{"line":73,"column":166}},"47":{"start":{"line":74,"column":61},"end":{"line":74,"column":84}},"48":{"start":{"line":74,"column":84},"end":{"line":74,"column":147}},"49":{"start":{"line":76,"column":53},"end":{"line":76,"column":75}},"50":{"start":{"line":76,"column":75},"end":{"line":76,"column":95}},"51":{"start":{"line":77,"column":83},"end":{"line":77,"column":106}},"52":{"start":{"line":77,"column":106},"end":{"line":77,"column":144}},"53":{"start":{"line":77,"column":144},"end":{"line":77,"column":168}},"54":{"start":{"line":78,"column":62},"end":{"line":78,"column":85}},"55":{"start":{"line":78,"column":85},"end":{"line":78,"column":148}},"56":{"start":{"line":80,"column":53},"end":{"line":80,"column":75}},"57":{"start":{"line":80,"column":75},"end":{"line":80,"column":95}},"58":{"start":{"line":81,"column":88},"end":{"line":81,"column":111}},"59":{"start":{"line":81,"column":111},"end":{"line":81,"column":149}},"60":{"start":{"line":81,"column":149},"end":{"line":81,"column":173}},"61":{"start":{"line":82,"column":62},"end":{"line":82,"column":85}},"62":{"start":{"line":82,"column":85},"end":{"line":82,"column":148}},"63":{"start":{"line":86,"column":52},"end":{"line":86,"column":74}},"64":{"start":{"line":87,"column":31},"end":{"line":87,"column":74}},"65":{"start":{"line":87,"column":49},"end":{"line":87,"column":74}},"66":{"start":{"line":88,"column":29},"end":{"line":88,"column":66}},"67":{"start":{"line":88,"column":47},"end":{"line":88,"column":66}},"68":{"start":{"line":89,"column":27},"end":{"line":89,"column":62}},"69":{"start":{"line":89,"column":45},"end":{"line":89,"column":62}},"70":{"start":{"line":91,"column":15},"end":{"line":91,"column":37}}},"fnMap":{"0":{"name":"(anonymous_11)","decl":{"start":{"line":21,"column":71},"end":{"line":21,"column":78}},"loc":{"start":{"line":21,"column":114},"end":{"line":27,"column":null}}},"1":{"name":"(anonymous_12)","decl":{"start":{"line":29,"column":75},"end":{"line":29,"column":82}},"loc":{"start":{"line":29,"column":118},"end":{"line":35,"column":null}}},"2":{"name":"(anonymous_13)","decl":{"start":{"line":37,"column":77},"end":{"line":37,"column":84}},"loc":{"start":{"line":37,"column":120},"end":{"line":43,"column":null}}},"3":{"name":"(anonymous_14)","decl":{"start":{"line":45,"column":77},"end":{"line":45,"column":84}},"loc":{"start":{"line":45,"column":164},"end":{"line":51,"column":null}}},"4":{"name":"(anonymous_15)","decl":{"start":{"line":57,"column":4},"end":{"line":57,"column":19}},"loc":{"start":{"line":57,"column":24},"end":{"line":61,"column":null}}},"5":{"name":"(anonymous_16)","decl":{"start":{"line":62,"column":4},"end":{"line":62,"column":21}},"loc":{"start":{"line":62,"column":71},"end":{"line":64,"column":null}}},"6":{"name":"(anonymous_17)","decl":{"start":{"line":66,"column":17},"end":{"line":66,"column":18}},"loc":{"start":{"line":66,"column":18},"end":{"line":83,"column":null}}},"7":{"name":"(anonymous_18)","decl":{"start":{"line":68,"column":37},"end":{"line":68,"column":38}},"loc":{"start":{"line":68,"column":38},"end":{"line":68,"column":null}}},"8":{"name":"(anonymous_19)","decl":{"start":{"line":69,"column":39},"end":{"line":69,"column":40}},"loc":{"start":{"line":69,"column":47},"end":{"line":69,"column":null}}},"9":{"name":"(anonymous_20)","decl":{"start":{"line":70,"column":38},"end":{"line":70,"column":39}},"loc":{"start":{"line":70,"column":46},"end":{"line":70,"column":null}}},"10":{"name":"(anonymous_21)","decl":{"start":{"line":72,"column":39},"end":{"line":72,"column":40}},"loc":{"start":{"line":72,"column":40},"end":{"line":72,"column":null}}},"11":{"name":"(anonymous_22)","decl":{"start":{"line":73,"column":41},"end":{"line":73,"column":42}},"loc":{"start":{"line":73,"column":49},"end":{"line":73,"column":null}}},"12":{"name":"(anonymous_23)","decl":{"start":{"line":74,"column":40},"end":{"line":74,"column":41}},"loc":{"start":{"line":74,"column":48},"end":{"line":74,"column":null}}},"13":{"name":"(anonymous_24)","decl":{"start":{"line":76,"column":40},"end":{"line":76,"column":41}},"loc":{"start":{"line":76,"column":41},"end":{"line":76,"column":null}}},"14":{"name":"(anonymous_25)","decl":{"start":{"line":77,"column":42},"end":{"line":77,"column":43}},"loc":{"start":{"line":77,"column":50},"end":{"line":77,"column":null}}},"15":{"name":"(anonymous_26)","decl":{"start":{"line":78,"column":41},"end":{"line":78,"column":42}},"loc":{"start":{"line":78,"column":49},"end":{"line":78,"column":null}}},"16":{"name":"(anonymous_27)","decl":{"start":{"line":80,"column":40},"end":{"line":80,"column":41}},"loc":{"start":{"line":80,"column":41},"end":{"line":80,"column":null}}},"17":{"name":"(anonymous_28)","decl":{"start":{"line":81,"column":42},"end":{"line":81,"column":43}},"loc":{"start":{"line":81,"column":50},"end":{"line":81,"column":null}}},"18":{"name":"(anonymous_29)","decl":{"start":{"line":82,"column":41},"end":{"line":82,"column":42}},"loc":{"start":{"line":82,"column":49},"end":{"line":82,"column":null}}},"19":{"name":"(anonymous_30)","decl":{"start":{"line":87,"column":31},"end":{"line":87,"column":32}},"loc":{"start":{"line":87,"column":49},"end":{"line":87,"column":74}}},"20":{"name":"(anonymous_31)","decl":{"start":{"line":88,"column":29},"end":{"line":88,"column":30}},"loc":{"start":{"line":88,"column":47},"end":{"line":88,"column":66}}},"21":{"name":"(anonymous_32)","decl":{"start":{"line":89,"column":27},"end":{"line":89,"column":28}},"loc":{"start":{"line":89,"column":45},"end":{"line":89,"column":62}}}},"branchMap":{"0":{"loc":{"start":{"line":25,"column":27},"end":{"line":25,"column":null}},"type":"binary-expr","locations":[{"start":{"line":25,"column":27},"end":{"line":25,"column":36}},{"start":{"line":25,"column":40},"end":{"line":25,"column":null}}]},"1":{"loc":{"start":{"line":33,"column":27},"end":{"line":33,"column":null}},"type":"binary-expr","locations":[{"start":{"line":33,"column":27},"end":{"line":33,"column":36}},{"start":{"line":33,"column":40},"end":{"line":33,"column":null}}]},"2":{"loc":{"start":{"line":41,"column":27},"end":{"line":41,"column":null}},"type":"binary-expr","locations":[{"start":{"line":41,"column":27},"end":{"line":41,"column":36}},{"start":{"line":41,"column":40},"end":{"line":41,"column":null}}]},"3":{"loc":{"start":{"line":49,"column":27},"end":{"line":49,"column":null}},"type":"binary-expr","locations":[{"start":{"line":49,"column":27},"end":{"line":49,"column":36}},{"start":{"line":49,"column":40},"end":{"line":49,"column":null}}]},"4":{"loc":{"start":{"line":70,"column":103},"end":{"line":70,"column":145}},"type":"binary-expr","locations":[{"start":{"line":70,"column":103},"end":{"line":70,"column":117}},{"start":{"line":70,"column":121},"end":{"line":70,"column":145}}]},"5":{"loc":{"start":{"line":74,"column":105},"end":{"line":74,"column":147}},"type":"binary-expr","locations":[{"start":{"line":74,"column":105},"end":{"line":74,"column":119}},{"start":{"line":74,"column":123},"end":{"line":74,"column":147}}]},"6":{"loc":{"start":{"line":78,"column":106},"end":{"line":78,"column":148}},"type":"binary-expr","locations":[{"start":{"line":78,"column":106},"end":{"line":78,"column":120}},{"start":{"line":78,"column":124},"end":{"line":78,"column":148}}]},"7":{"loc":{"start":{"line":82,"column":106},"end":{"line":82,"column":148}},"type":"binary-expr","locations":[{"start":{"line":82,"column":106},"end":{"line":82,"column":120}},{"start":{"line":82,"column":124},"end":{"line":82,"column":148}}]}},"s":{"0":0,"1":0,"2":0,"3":0,"4":0,"5":0,"6":0,"7":0,"8":0,"9":1,"10":1,"11":1,"12":1,"13":1,"14":0,"15":0,"16":0,"17":1,"18":0,"19":0,"20":0,"21":1,"22":0,"23":0,"24":0,"25":1,"26":0,"27":0,"28":0,"29":1,"30":0,"31":0,"32":0,"33":0,"34":1,"35":0,"36":0,"37":0,"38":0,"39":0,"40":0,"41":0,"42":0,"43":0,"44":0,"45":0,"46":0,"47":0,"48":0,"49":0,"50":0,"51":0,"52":0,"53":0,"54":0,"55":0,"56":0,"57":0,"58":0,"59":0,"60":0,"61":0,"62":0,"63":1,"64":1,"65":0,"66":1,"67":0,"68":1,"69":0,"70":1},"f":{"0":0,"1":0,"2":0,"3":0,"4":0,"5":0,"6":1,"7":0,"8":0,"9":0,"10":0,"11":0,"12":0,"13":0,"14":0,"15":0,"16":0,"17":0,"18":0,"19":0,"20":0,"21":0},"b":{"0":[0,0],"1":[0,0],"2":[0,0],"3":[0,0],"4":[0,0],"5":[0,0],"6":[0,0],"7":[0,0]}}
,"C:\\Src\\SquadProject\\frontend\\src\\types\\api.ts": {"path":"C:\\Src\\SquadProject\\frontend\\src\\types\\api.ts","statementMap":{"0":{"start":{"line":31,"column":12},"end":{"line":31,"column":null}}},"fnMap":{"0":{"name":"(anonymous_1)","decl":{"start":{"line":31,"column":12},"end":{"line":31,"column":null}},"loc":{"start":{"line":31,"column":12},"end":{"line":31,"column":null}}}},"branchMap":{"0":{"loc":{"start":{"line":31,"column":12},"end":{"line":31,"column":null}},"type":"binary-expr","locations":[{"start":{"line":31,"column":12},"end":{"line":31,"column":null}},{"start":{"line":31,"column":12},"end":{"line":31,"column":null}}]}},"s":{"0":0},"f":{"0":0},"b":{"0":[0,0]}}
}
