TN:
SF:src\__tests__\fixtures\sampleData.ts
FNF:0
FNH:0
DA:1,0
LF:1
LH:0
BRF:0
BRH:0
end_of_record
TN:
SF:src\components\common\Button.tsx
FN:13,(anonymous_4)
FNF:1
FNH:1
FNDA:5,(anonymous_4)
DA:1,1
DA:2,1
DA:13,1
DA:21,5
DA:43,5
LF:5
LH:5
BRDA:16,0,0,5
BRDA:17,1,0,0
BRDA:18,2,0,5
BRDA:19,3,0,0
BRDA:21,4,0,5
BRDA:21,4,1,4
BRDA:29,5,0,1
BRDA:29,5,1,4
BRDA:31,6,0,0
BRDA:31,6,1,5
BRF:10
BRH:7
end_of_record
TN:
SF:src\components\common\ErrorBoundary.tsx
FN:6,(anonymous_4)
FN:11,(anonymous_5)
FN:15,(anonymous_6)
FN:20,(anonymous_7)
FNF:4
FNH:0
FNDA:0,(anonymous_4)
FNDA:0,(anonymous_5)
FNDA:0,(anonymous_6)
FNDA:0,(anonymous_7)
DA:1,0
DA:5,0
DA:7,0
DA:8,0
DA:12,0
DA:21,0
DA:29,0
DA:33,0
LF:8
LH:0
BRDA:21,0,0,0
BRF:1
BRH:0
end_of_record
TN:
SF:src\components\common\ErrorToast.tsx
FN:3,(anonymous_4)
FNF:1
FNH:0
FNDA:0,(anonymous_4)
DA:1,0
DA:3,0
DA:4,0
DA:15,0
LF:4
LH:0
BRDA:4,0,0,0
BRF:1
BRH:0
end_of_record
TN:
SF:src\components\common\Input.tsx
FN:13,(anonymous_2)
FN:21,(anonymous_3)
FNF:2
FNH:2
FNDA:6,(anonymous_2)
FNDA:1,(anonymous_3)
DA:1,1
DA:12,1
DA:21,1
DA:37,7
LF:4
LH:4
BRDA:13,0,0,0
BRDA:20,1,0,0
BRDA:20,1,1,6
BRDA:25,2,0,0
BRDA:25,2,1,6
BRDA:27,3,0,0
BRDA:27,3,1,6
BRF:7
BRH:3
end_of_record
TN:
SF:src\components\common\LoadingSpinner.tsx
FNF:0
FNH:0
DA:1,1
DA:3,0
DA:32,1
LF:3
LH:2
BRDA:3,0,0,0
BRF:1
BRH:0
end_of_record
TN:
SF:src\components\common\Select.tsx
FN:15,(anonymous_4)
FN:27,(anonymous_5)
FN:31,(anonymous_6)
FNF:3
FNH:2
FNDA:10,(anonymous_4)
FNDA:0,(anonymous_5)
FNDA:4,(anonymous_6)
DA:1,1
DA:15,1
DA:27,0
DA:32,4
DA:46,10
LF:5
LH:4
BRDA:18,0,0,10
BRDA:37,1,0,10
BRF:2
BRH:2
end_of_record
TN:
SF:src\components\features\RandomGenerator\RandomGenerator.tsx
FN:4,(anonymous_4)
FNF:1
FNH:0
FNDA:0,(anonymous_4)
DA:1,0
DA:4,0
DA:13,0
LF:3
LH:0
BRF:0
BRH:0
end_of_record
TN:
SF:src\components\features\UnitConverter\UnitConverter.tsx
FN:4,(anonymous_4)
FNF:1
FNH:0
FNDA:0,(anonymous_4)
DA:1,0
DA:4,0
DA:13,0
LF:3
LH:0
BRF:0
BRH:0
end_of_record
TN:
SF:src\components\forms\FormButton.tsx
FN:9,(anonymous_4)
FNF:1
FNH:0
FNDA:0,(anonymous_4)
DA:1,0
DA:9,0
DA:17,0
LF:3
LH:0
BRDA:9,0,0,0
BRDA:9,1,0,0
BRDA:12,2,0,0
BRDA:12,2,1,0
BRF:4
BRH:0
end_of_record
TN:
SF:src\components\forms\FormField.tsx
FN:12,(anonymous_4)
FNF:1
FNH:0
FNDA:0,(anonymous_4)
DA:1,0
DA:2,0
DA:3,0
DA:12,0
DA:14,0
DA:38,0
LF:6
LH:0
BRDA:14,0,0,0
BRDA:17,1,0,0
BRDA:30,2,0,0
BRF:3
BRH:0
end_of_record
TN:
SF:src\components\forms\FormWrapper.tsx
FN:10,FormWrapper
FN:13,(anonymous_5)
FNF:2
FNH:0
FNDA:0,FormWrapper
FNDA:0,(anonymous_5)
DA:1,0
DA:10,0
DA:13,0
DA:14,0
DA:26,0
LF:5
LH:0
BRF:0
BRH:0
end_of_record
TN:
SF:src\components\forms\RandomGeneratorForm.tsx
FN:10,(anonymous_4)
FN:15,(anonymous_5)
FN:25,(anonymous_6)
FNF:3
FNH:0
FNDA:0,(anonymous_4)
FNDA:0,(anonymous_5)
FNDA:0,(anonymous_6)
DA:1,0
DA:2,0
DA:3,0
DA:4,0
DA:5,0
DA:6,0
DA:10,0
DA:11,0
DA:12,0
DA:13,0
DA:15,0
DA:16,0
DA:17,0
DA:18,0
DA:19,0
DA:20,0
DA:25,0
DA:40,0
LF:18
LH:0
BRDA:17,0,0,0
BRDA:17,0,1,0
BRDA:18,1,0,0
BRDA:18,1,1,0
BRDA:19,2,0,0
BRDA:19,2,1,0
BRDA:20,3,0,0
BRDA:20,4,0,0
BRDA:20,4,1,0
BRDA:20,5,0,0
BRDA:20,5,1,0
BRDA:20,6,0,0
BRDA:20,6,1,0
BRDA:26,7,0,0
BRDA:33,8,0,0
BRDA:33,8,1,0
BRDA:34,9,0,0
BRDA:35,10,0,0
BRF:18
BRH:0
end_of_record
TN:
SF:src\components\forms\UnitConversionForm.tsx
FN:11,(anonymous_7)
FN:16,(anonymous_8)
FN:19,(anonymous_9)
FN:20,(anonymous_10)
FN:27,(anonymous_11)
FN:28,(anonymous_12)
FN:30,(anonymous_13)
FN:33,(anonymous_14)
FN:51,(anonymous_16)
FN:52,(anonymous_17)
FNF:10
FNH:7
FNDA:5,(anonymous_7)
FNDA:1,(anonymous_8)
FNDA:1,(anonymous_9)
FNDA:2,(anonymous_10)
FNDA:0,(anonymous_11)
FNDA:1,(anonymous_12)
FNDA:1,(anonymous_13)
FNDA:1,(anonymous_14)
FNDA:0,(anonymous_16)
FNDA:0,(anonymous_17)
DA:1,1
DA:2,1
DA:3,1
DA:4,1
DA:5,1
DA:6,1
DA:7,1
DA:11,1
DA:12,5
DA:13,5
DA:14,5
DA:16,5
DA:17,1
DA:18,1
DA:20,2
DA:21,1
DA:22,1
DA:23,1
DA:24,1
DA:28,1
DA:30,1
DA:33,5
DA:34,1
DA:35,1
DA:36,1
DA:37,1
DA:38,1
DA:51,0
DA:52,0
DA:60,1
LF:30
LH:28
BRDA:22,0,0,1
BRDA:24,1,0,1
BRDA:24,1,1,0
BRDA:34,2,0,1
BRDA:34,2,1,1
BRDA:34,2,2,1
BRDA:35,3,0,1
BRDA:35,3,1,1
BRDA:35,3,2,1
BRDA:35,4,0,0
BRDA:35,4,1,1
BRDA:36,5,0,0
BRDA:36,6,0,1
BRDA:36,6,1,1
BRDA:36,6,2,1
BRDA:37,7,0,1
BRDA:37,7,1,0
BRDA:53,8,0,1
BRDA:53,8,1,4
BRDA:54,9,0,5
BRDA:55,10,0,5
BRF:21
BRH:17
end_of_record
TN:
SF:src\hooks\useForm.ts
FN:6,(anonymous_4)
FN:11,(anonymous_5)
FN:13,(anonymous_6)
FN:14,(anonymous_7)
FNF:4
FNH:0
FNDA:0,(anonymous_4)
FNDA:0,(anonymous_5)
FNDA:0,(anonymous_6)
FNDA:0,(anonymous_7)
DA:1,0
DA:2,0
DA:3,0
DA:6,0
DA:8,0
DA:11,0
DA:12,0
DA:13,0
DA:14,0
DA:16,0
DA:21,0
LF:11
LH:0
BRF:0
BRH:0
end_of_record
TN:
SF:src\hooks\useRandomGenerator.ts
FN:6,useRandomGenerator
FN:8,(anonymous_2)
FN:9,(anonymous_3)
FN:10,(anonymous_4)
FN:16,(anonymous_5)
FN:17,(anonymous_6)
FN:18,(anonymous_7)
FN:19,(anonymous_8)
FN:20,(anonymous_9)
FNF:9
FNH:0
FNDA:0,useRandomGenerator
FNDA:0,(anonymous_2)
FNDA:0,(anonymous_3)
FNDA:0,(anonymous_4)
FNDA:0,(anonymous_5)
FNDA:0,(anonymous_6)
FNDA:0,(anonymous_7)
FNDA:0,(anonymous_8)
FNDA:0,(anonymous_9)
DA:1,0
DA:2,0
DA:4,0
DA:6,0
DA:7,0
DA:8,0
DA:9,0
DA:10,0
DA:12,0
DA:16,0
DA:17,0
DA:18,0
DA:19,0
DA:20,0
LF:14
LH:0
BRF:0
BRH:0
end_of_record
TN:
SF:src\hooks\useUnitConversion.ts
FN:6,useUnitConversion
FN:8,(anonymous_2)
FN:9,(anonymous_3)
FN:10,(anonymous_4)
FN:12,(anonymous_5)
FN:16,(anonymous_6)
FNF:6
FNH:5
FNDA:5,useUnitConversion
FNDA:8,(anonymous_2)
FNDA:8,(anonymous_3)
FNDA:8,(anonymous_4)
FNDA:1,(anonymous_5)
FNDA:0,(anonymous_6)
DA:1,1
DA:2,1
DA:4,1
DA:6,5
DA:7,5
DA:8,8
DA:9,8
DA:10,8
DA:12,5
DA:13,1
DA:16,5
DA:18,5
LF:12
LH:12
BRF:0
BRH:0
end_of_record
TN:
SF:src\pages\Converter.tsx
FN:4,(anonymous_4)
FNF:1
FNH:0
FNDA:0,(anonymous_4)
DA:1,0
DA:2,0
DA:4,0
DA:13,0
LF:4
LH:0
BRF:0
BRH:0
end_of_record
TN:
SF:src\pages\Generator.tsx
FN:4,(anonymous_4)
FNF:1
FNH:0
FNDA:0,(anonymous_4)
DA:1,0
DA:2,0
DA:4,0
DA:13,0
LF:4
LH:0
BRF:0
BRH:0
end_of_record
TN:
SF:src\pages\Home.tsx
FN:3,(anonymous_4)
FNF:1
FNH:0
FNDA:0,(anonymous_4)
DA:1,0
DA:3,0
DA:12,0
LF:3
LH:0
BRF:0
BRH:0
end_of_record
TN:
SF:src\pages\RandomGeneratorPage.tsx
FN:5,(anonymous_2)
FN:8,(anonymous_3)
FNF:2
FNH:0
FNDA:0,(anonymous_2)
FNDA:0,(anonymous_3)
DA:1,0
DA:2,0
DA:3,0
DA:5,0
DA:6,0
DA:8,0
DA:9,0
DA:10,0
DA:11,0
DA:34,0
LF:10
LH:0
BRDA:9,0,0,0
BRDA:21,1,0,0
BRDA:22,2,0,0
BRDA:23,3,0,0
BRF:4
BRH:0
end_of_record
TN:
SF:src\pages\UnitConverterPage.tsx
FN:6,(anonymous_2)
FNF:1
FNH:0
FNDA:0,(anonymous_2)
DA:1,0
DA:2,0
DA:3,0
DA:4,0
DA:6,0
DA:7,0
DA:26,0
LF:7
LH:0
BRDA:13,0,0,0
BRDA:13,0,1,0
BRDA:14,1,0,0
BRDA:15,2,0,0
BRF:4
BRH:0
end_of_record
TN:
SF:src\services\api.ts
FN:7,(anonymous_4)
FN:15,(anonymous_5)
FN:20,(anonymous_6)
FN:27,request
FNF:4
FNH:0
FNDA:0,(anonymous_4)
FNDA:0,(anonymous_5)
FNDA:0,(anonymous_6)
FNDA:0,request
DA:1,1
DA:3,1
DA:5,1
DA:7,1
DA:10,0
DA:11,0
DA:14,1
DA:17,0
DA:18,0
DA:22,0
DA:23,0
DA:27,0
DA:28,0
DA:30,0
DA:31,0
DA:33,0
DA:34,0
DA:37,1
LF:18
LH:6
BRDA:3,0,0,1
BRDA:3,0,1,1
BRDA:3,0,2,1
BRDA:30,1,0,0
BRF:4
BRH:3
end_of_record
TN:
SF:src\services\randomGeneratorApi.ts
FN:4,generateGuid
FN:9,generateRandomNumbers
FN:14,generatePerson
FN:19,generateAddress
FNF:4
FNH:0
FNDA:0,generateGuid
FNDA:0,generateRandomNumbers
FNDA:0,generatePerson
FNDA:0,generateAddress
DA:1,1
DA:4,0
DA:5,0
DA:6,0
DA:9,0
DA:10,0
DA:11,0
DA:14,0
DA:15,0
DA:16,0
DA:19,0
DA:20,0
DA:21,0
LF:13
LH:1
BRF:0
BRH:0
end_of_record
TN:
SF:src\services\unitConversionApi.ts
FN:4,convertUnits
FN:10,getSupportedUnits
FNF:2
FNH:0
FNDA:0,convertUnits
FNDA:0,getSupportedUnits
DA:1,0
DA:4,0
DA:5,0
DA:6,0
DA:7,0
DA:10,0
DA:11,0
DA:12,0
LF:8
LH:0
BRF:0
BRH:0
end_of_record
TN:
SF:src\store\index.ts
FNF:0
FNH:0
DA:1,1
DA:2,1
DA:3,1
DA:5,1
DA:10,1
DA:15,1
LF:6
LH:6
BRF:0
BRH:0
end_of_record
TN:
SF:src\store\selectors.ts
FN:3,(anonymous_3)
FN:4,(anonymous_4)
FNF:2
FNH:0
FNDA:0,(anonymous_3)
FNDA:0,(anonymous_4)
DA:3,0
DA:4,0
LF:2
LH:0
BRF:0
BRH:0
end_of_record
TN:
SF:src\store\slices\converterSlice.ts
FN:15,(anonymous_9)
FN:28,(anonymous_10)
FN:29,(anonymous_11)
FN:31,(anonymous_12)
FN:33,(anonymous_13)
FN:34,(anonymous_14)
FN:35,(anonymous_15)
FN:40,(anonymous_16)
FN:41,(anonymous_17)
FN:42,(anonymous_18)
FN:43,(anonymous_19)
FNF:11
FNH:7
FNDA:1,(anonymous_9)
FNDA:0,(anonymous_10)
FNDA:0,(anonymous_11)
FNDA:1,(anonymous_12)
FNDA:1,(anonymous_13)
FNDA:1,(anonymous_14)
FNDA:0,(anonymous_15)
FNDA:8,(anonymous_16)
FNDA:8,(anonymous_17)
FNDA:8,(anonymous_18)
FNDA:0,(anonymous_19)
DA:1,1
DA:2,1
DA:13,1
DA:15,1
DA:16,1
DA:17,1
DA:18,1
DA:20,0
DA:24,1
DA:28,0
DA:29,0
DA:32,1
DA:33,1
DA:34,1
DA:35,0
DA:39,1
DA:40,8
DA:41,8
DA:42,8
DA:43,1
DA:44,1
LF:21
LH:17
BRDA:20,0,0,0
BRDA:20,0,1,0
BRDA:35,1,0,0
BRDA:35,1,1,0
BRF:4
BRH:0
end_of_record
TN:
SF:src\store\slices\generatorSlice.ts
FN:21,(anonymous_11)
FN:29,(anonymous_12)
FN:37,(anonymous_13)
FN:45,(anonymous_14)
FN:57,(anonymous_15)
FN:62,(anonymous_16)
FN:66,(anonymous_17)
FN:68,(anonymous_18)
FN:69,(anonymous_19)
FN:70,(anonymous_20)
FN:72,(anonymous_21)
FN:73,(anonymous_22)
FN:74,(anonymous_23)
FN:76,(anonymous_24)
FN:77,(anonymous_25)
FN:78,(anonymous_26)
FN:80,(anonymous_27)
FN:81,(anonymous_28)
FN:82,(anonymous_29)
FN:87,(anonymous_30)
FN:88,(anonymous_31)
FN:89,(anonymous_32)
FNF:22
FNH:1
FNDA:0,(anonymous_11)
FNDA:0,(anonymous_12)
FNDA:0,(anonymous_13)
FNDA:0,(anonymous_14)
FNDA:0,(anonymous_15)
FNDA:0,(anonymous_16)
FNDA:1,(anonymous_17)
FNDA:0,(anonymous_18)
FNDA:0,(anonymous_19)
FNDA:0,(anonymous_20)
FNDA:0,(anonymous_21)
FNDA:0,(anonymous_22)
FNDA:0,(anonymous_23)
FNDA:0,(anonymous_24)
FNDA:0,(anonymous_25)
FNDA:0,(anonymous_26)
FNDA:0,(anonymous_27)
FNDA:0,(anonymous_28)
FNDA:0,(anonymous_29)
FNDA:0,(anonymous_30)
FNDA:0,(anonymous_31)
FNDA:0,(anonymous_32)
DA:1,1
DA:2,1
DA:14,1
DA:21,1
DA:22,0
DA:23,0
DA:25,0
DA:29,1
DA:30,0
DA:31,0
DA:33,0
DA:37,1
DA:38,0
DA:39,0
DA:41,0
DA:45,1
DA:46,0
DA:47,0
DA:49,0
DA:53,1
DA:58,0
DA:59,0
DA:60,0
DA:63,0
DA:67,1
DA:68,0
DA:69,0
DA:70,0
DA:72,0
DA:73,0
DA:74,0
DA:76,0
DA:77,0
DA:78,0
DA:80,0
DA:81,0
DA:82,0
DA:86,1
DA:87,1
DA:88,1
DA:89,1
DA:91,1
LF:42
LH:14
BRDA:25,0,0,0
BRDA:25,0,1,0
BRDA:33,1,0,0
BRDA:33,1,1,0
BRDA:41,2,0,0
BRDA:41,2,1,0
BRDA:49,3,0,0
BRDA:49,3,1,0
BRDA:70,4,0,0
BRDA:70,4,1,0
BRDA:74,5,0,0
BRDA:74,5,1,0
BRDA:78,6,0,0
BRDA:78,6,1,0
BRDA:82,7,0,0
BRDA:82,7,1,0
BRF:16
BRH:0
end_of_record
TN:
SF:src\types\api.ts
FN:31,(anonymous_1)
FNF:1
FNH:0
FNDA:0,(anonymous_1)
DA:31,0
LF:1
LH:0
BRDA:31,0,0,0
BRDA:31,0,1,0
BRF:2
BRH:0
end_of_record
